============================================================
   Tang Dynasty, V6.2.168116
   Copyright (c) 2012-2025 Anlogic Inc.
   Executable = C:/Anlogic/TD_6.2.1_Engineer_6.2.168.116/bin/td.exe
   Built at =   16:32:07 Jun 12 2025
   Run by =     30545
   Run Date =   Fri Nov  7 01:29:13 2025

   Run on =     ZHENGDT
============================================================
RUN-1002 : start command "import_db C:/Users/30545/Desktop/key34/prj/UDP_EXAMPLE/UDP_EXAMPLE_Runs/phy_1/UDP_EXAMPLE_pr.db"
RUN-1001 : Importing database generated by Tang Dynasty, V6.2.168116.
RUN-1001 : Database version number 46207
RUN-1001 : Import flow parameters
RUN-1001 : Import netlist
PHY-1001 : Generate detailed routing grids ...
PHY-1001 : End build routing graph; 1.927728s wall, 2.000000s user + 0.203125s system = 2.203125s CPU (114.3%)

PHY-1001 : Build lut bridge;  0.041691s wall, 0.031250s user + 0.000000s system = 0.031250s CPU (75.0%)

PHY-1001 : Generate nets ...
PHY-1001 : net clk_50_dup_1 will be routed on clock mesh
PHY-1001 : clock net temac_clk will be merged with clock u_clk_gen/u_pll_0/clk0_buf
PHY-1001 : net udp_clk will be routed on clock mesh
PHY-1001 : clock net cwc_jtck_syn_2 will be merged with clock cwc_jtck
PHY-1001 : clock net u_frame_rw/write_clk_syn_4 will be merged with clock u_frame_rw/write_clk
PHY-1001 : clock net u_frame_rw/read_clk_syn_4 will be merged with clock u_frame_rw/read_clk
PHY-1001 : clock net u4_trimac_block/rx_clk will be merged with clock phy1_rgmii_rx_clk_dup_1
PHY-1001 : clock net u_hdmi_tx/Inst_DVITransmitter/PCLK_I will be merged with clock u_video_pll/clk0_buf
PHY-1001 : net u_hdmi_tx/Inst_DVITransmitter/PCLK_X5_I will be routed on clock mesh
PHY-1001 : net u_sdram/u2_ram/SDRAM_CLK will be routed on clock mesh
PHY-1001 : clock net u_sd_card_bmp/bmp_read_m0/clk will be merged with clock u_sys_pll/clk0_buf
PHY-1001 : eco open net = 0
PHY-1001 : 250 feed throughs used by 206 nets
RUN-1001 : Import phy database
RUN-1001 : Import timing constraints
RUN-1001 : Import IO constraints
RUN-1001 : Import Inst constraints
RUN-1001 : Import ChipWatcher
RUN-1001 : Import design success TD_VERSION=6.2.168116 , DB_VERSION=46207
RUN-1003 : finish command "import_db C:/Users/30545/Desktop/key34/prj/UDP_EXAMPLE/UDP_EXAMPLE_Runs/phy_1/UDP_EXAMPLE_pr.db" in  3.903822s wall, 3.843750s user + 0.375000s system = 4.218750s CPU (108.1%)

RUN-1004 : used memory is 734 MB, reserved memory is 688 MB, peak memory is 823 MB
RUN-1002 : start command "commit_param -step design"
RUN-1001 : Print Global Property
RUN-1001 : --------------------------------------------------------
RUN-1001 :   Parameters   |  Settings  |  Default Values  |  Note  
RUN-1001 : --------------------------------------------------------
RUN-1001 :   enable_seed  |    off     |       off        |        
RUN-1001 :     message    |  standard  |     standard     |        
RUN-1001 :   qor_monitor  |     on     |        on        |        
RUN-1001 :   syn_ip_flow  |    off     |       off        |        
RUN-1001 :     thread     |    auto    |       auto       |        
RUN-1001 : --------------------------------------------------------
RUN-1001 : Print Design Property
RUN-1001 : ----------------------------------------------------------------
RUN-1001 :       Parameters       |  Settings  |  Default Values  |  Note  
RUN-1001 : ----------------------------------------------------------------
RUN-1001 :   default_reg_initial  |    auto    |       auto       |        
RUN-1001 :    hdl_warning_level   |   normal   |      normal      |        
RUN-1001 : ----------------------------------------------------------------
HDL-1007 : analyze verilog file al_ip/TEMAC_CORE/RTL/mac_core_aead6cd6dadd.v
HDL-1007 : analyze verilog file al_ip/TEMAC_CORE/RTL/TEMAC_CORE_aead6cd6dadd.v
HDL-5007 WARNING: column 1032 exceeds maximum value 1023 in al_ip/TEMAC_CORE/RTL/TEMAC_CORE_aead6cd6dadd.v(30)
HDL-1007 : back to file 'al_ip/TEMAC_CORE/RTL/TEMAC_CORE_aead6cd6dadd.v' in al_ip/TEMAC_CORE/RTL/TEMAC_CORE_aead6cd6dadd.v(86)
HDL-5007 WARNING: event expressions must result in a singular type in al_ip/TEMAC_CORE/RTL/TEMAC_CORE_aead6cd6dadd.v(3001)
HDL-1007 : undeclared symbol '**', assumed default net type '**' in al_ip/TEMAC_CORE/RTL/TEMAC_CORE_aead6cd6dadd.v(5050)
HDL-1007 : undeclared symbol '**', assumed default net type '**' in al_ip/TEMAC_CORE/RTL/TEMAC_CORE_aead6cd6dadd.v(5458)
HDL-5007 WARNING: column 1035 exceeds maximum value 1023 in al_ip/TEMAC_CORE/RTL/TEMAC_CORE_aead6cd6dadd.v(6001)
HDL-1007 : back to file 'al_ip/TEMAC_CORE/RTL/TEMAC_CORE_aead6cd6dadd.v' in al_ip/TEMAC_CORE/RTL/TEMAC_CORE_aead6cd6dadd.v(260)
HDL-1007 : analyze verilog file al_ip/TEMAC_CORE/TEMAC_CORE.v
HDL-1007 : analyze verilog file al_ip/pll_gen.v
HDL-1007 : undeclared symbol 'pll_gen_open0', assumed default net type 'wire' in al_ip/pll_gen.v(99)
HDL-1007 : undeclared symbol 'pll_gen_open8', assumed default net type 'wire' in al_ip/pll_gen.v(105)
HDL-1007 : undeclared symbol 'pll_gen_open7', assumed default net type 'wire' in al_ip/pll_gen.v(105)
HDL-1007 : undeclared symbol 'pll_gen_open6', assumed default net type 'wire' in al_ip/pll_gen.v(105)
HDL-1007 : undeclared symbol 'pll_gen_open5', assumed default net type 'wire' in al_ip/pll_gen.v(105)
HDL-1007 : undeclared symbol 'pll_gen_open4', assumed default net type 'wire' in al_ip/pll_gen.v(105)
HDL-1007 : undeclared symbol 'pll_gen_open3', assumed default net type 'wire' in al_ip/pll_gen.v(105)
HDL-1007 : undeclared symbol 'pll_gen_open2', assumed default net type 'wire' in al_ip/pll_gen.v(105)
HDL-1007 : undeclared symbol 'pll_gen_open1', assumed default net type 'wire' in al_ip/pll_gen.v(105)
HDL-1007 : analyze verilog file import/afifo_16_32_256.v
HDL-1007 : analyze verilog file import/afifo_32_16_256.v
HDL-1007 : analyze verilog file import/ax_debounce.v
HDL-1007 : analyze verilog file import/bmp_read.v
HDL-1007 : analyze verilog file import/BUFGMUX.v
HDL-1007 : analyze verilog file import/clk_gen_rst_gen.v
HDL-1007 : analyze verilog file import/div_clk_gen.v
HDL-1007 : analyze verilog file import/frame_fifo_read.v
HDL-1007 : analyze verilog file import/frame_fifo_write.v
HDL-1007 : analyze verilog file import/frame_read_write.v
HDL-1007 : analyze verilog file import/IDDR.v
HDL-1007 : analyze verilog file import/key_mode_ctrl.v
HDL-1007 : analyze verilog file import/led.v
HDL-1007 : analyze verilog file import/ODDR.v
HDL-1007 : analyze verilog file import/RAMB16_S9_S9.v
HDL-1007 : undeclared symbol 'open', assumed default net type 'wire' in import/RAMB16_S9_S9.v(109)
HDL-1007 : analyze verilog file import/rgmii_interface.v
HDL-1007 : analyze verilog file import/rx_client_fifo.v
HDL-5370 WARNING: parameter 'WAIT_s' becomes localparam in 'rx_client_fifo' with formal parameter declaration list in import/rx_client_fifo.v(49)
HDL-5370 WARNING: parameter 'QUEUE1_s' becomes localparam in 'rx_client_fifo' with formal parameter declaration list in import/rx_client_fifo.v(50)
HDL-5370 WARNING: parameter 'QUEUE2_s' becomes localparam in 'rx_client_fifo' with formal parameter declaration list in import/rx_client_fifo.v(51)
HDL-5370 WARNING: parameter 'QUEUE3_s' becomes localparam in 'rx_client_fifo' with formal parameter declaration list in import/rx_client_fifo.v(52)
HDL-5370 WARNING: parameter 'QUEUE_SOF_s' becomes localparam in 'rx_client_fifo' with formal parameter declaration list in import/rx_client_fifo.v(53)
HDL-5370 WARNING: parameter 'SOF_s' becomes localparam in 'rx_client_fifo' with formal parameter declaration list in import/rx_client_fifo.v(54)
HDL-5370 WARNING: parameter 'DATA_s' becomes localparam in 'rx_client_fifo' with formal parameter declaration list in import/rx_client_fifo.v(55)
HDL-5370 WARNING: parameter 'EOF_s' becomes localparam in 'rx_client_fifo' with formal parameter declaration list in import/rx_client_fifo.v(56)
HDL-5370 WARNING: parameter 'IDLE_s' becomes localparam in 'rx_client_fifo' with formal parameter declaration list in import/rx_client_fifo.v(62)
HDL-5370 WARNING: parameter 'FRAME_s' becomes localparam in 'rx_client_fifo' with formal parameter declaration list in import/rx_client_fifo.v(63)
HDL-5370 Similar messages will be suppressed.
HDL-1007 : analyze verilog file import/sd_card_bmp.v
HDL-1007 : analyze verilog file import/sd_card_cmd.v
HDL-1007 : analyze verilog file import/sd_card_sec_read_write.v
HDL-1007 : analyze verilog file import/sd_card_top.v
HDL-1007 : analyze verilog file import/sdram.v
HDL-1007 : analyze included file import/global_def.v in import/sdram.v(10)
HDL-1007 : back to file 'import/sdram.v' in import/sdram.v(10)
HDL-1007 : undeclared symbol 'SDR_CKE', assumed default net type 'wire' in import/sdram.v(88)
HDL-1007 : analyze verilog file import/spi_master.v
HDL-1007 : analyze verilog file import/sys_pll.v
HDL-1007 : undeclared symbol 'open', assumed default net type 'wire' in import/sys_pll.v(77)
HDL-1007 : analyze verilog file import/temac_block.v
HDL-1007 : analyze verilog file import/temac_clk_gen.v
HDL-1007 : analyze verilog file import/tx_client_fifo.v
HDL-5370 WARNING: parameter 'IDLE_s' becomes localparam in 'tx_client_fifo' with formal parameter declaration list in import/tx_client_fifo.v(53)
HDL-5370 WARNING: parameter 'QUEUE1_s' becomes localparam in 'tx_client_fifo' with formal parameter declaration list in import/tx_client_fifo.v(54)
HDL-5370 WARNING: parameter 'QUEUE2_s' becomes localparam in 'tx_client_fifo' with formal parameter declaration list in import/tx_client_fifo.v(55)
HDL-5370 WARNING: parameter 'QUEUE3_s' becomes localparam in 'tx_client_fifo' with formal parameter declaration list in import/tx_client_fifo.v(56)
HDL-5370 WARNING: parameter 'QUEUE_ACK_s' becomes localparam in 'tx_client_fifo' with formal parameter declaration list in import/tx_client_fifo.v(57)
HDL-5370 WARNING: parameter 'WAIT_ACK_s' becomes localparam in 'tx_client_fifo' with formal parameter declaration list in import/tx_client_fifo.v(58)
HDL-5370 WARNING: parameter 'FRAME_s' becomes localparam in 'tx_client_fifo' with formal parameter declaration list in import/tx_client_fifo.v(59)
HDL-5370 WARNING: parameter 'DROP_s' becomes localparam in 'tx_client_fifo' with formal parameter declaration list in import/tx_client_fifo.v(60)
HDL-5370 WARNING: parameter 'RETRANSMIT_s' becomes localparam in 'tx_client_fifo' with formal parameter declaration list in import/tx_client_fifo.v(61)
HDL-5370 WARNING: parameter 'WAIT_s' becomes localparam in 'tx_client_fifo' with formal parameter declaration list in import/tx_client_fifo.v(67)
HDL-5370 Similar messages will be suppressed.
HDL-1007 : analyze verilog file import/tx_clk_en_gen.v
HDL-1007 : analyze verilog file import/udp_data_tpg.v
HDL-1007 : analyze verilog file import/udp_echo_test.v
HDL-1007 : analyze verilog file import/UDP_Example_Top.v
HDL-1007 : undeclared symbol 'phy_reset', assumed default net type 'wire' in import/UDP_Example_Top.v(228)
HDL-1007 : analyze verilog file import/udp_img_send.v
HDL-1007 : analyze verilog file import/udp_ip_protocol_stack_merge.enc.v
HDL-1007 : back to file 'import/udp_ip_protocol_stack_merge.enc.v' in import/udp_ip_protocol_stack_merge.enc.v(56)
HDL-1007 : undeclared symbol '**', assumed default net type '**' in import/udp_ip_protocol_stack_merge.enc.v(2638)
HDL-1007 : back to file 'import/udp_ip_protocol_stack_merge.enc.v' in import/udp_ip_protocol_stack_merge.enc.v(420)
HDL-1007 : analyze verilog file import/udp_tx_arbiter.v
HDL-1007 : analyze verilog file import/udp_tx_simple.v
HDL-1007 : analyze verilog file import/sdr_as_ram.enc.v
HDL-1007 : back to file 'import/sdr_as_ram.enc.v' in import/sdr_as_ram.enc.v(45)
HDL-1007 : analyze verilog file import/sdr_init_ref.enc.v
HDL-1007 : analyze included file import/global_def.v in import/sdr_init_ref.enc.v(11)
HDL-1007 : back to file 'import/sdr_init_ref.enc.v' in import/sdr_init_ref.enc.v(11)
HDL-1007 : undeclared symbol '**', assumed default net type '**' in import/sdr_init_ref.enc.v(57)
HDL-1007 : back to file 'import/sdr_init_ref.enc.v' in import/sdr_init_ref.enc.v(149)
HDL-5007 WARNING: concatenation with an unsized literal will be treated as 32 bits in import/sdr_init_ref.enc.v(47)
HDL-1007 : analyze verilog file import/sdr_wrrd.enc.v
HDL-5007 WARNING: concatenation with an unsized literal will be treated as 32 bits in import/sdr_wrrd.enc.v(283)
HDL-1007 : back to file 'import/sdr_wrrd.enc.v' in import/sdr_wrrd.enc.v(19)
HDL-1007 : analyze verilog file import/udp_simple_send.v
HDL-1007 : analyze verilog file import/video_pll.v
HDL-1007 : undeclared symbol 'open', assumed default net type 'wire' in import/video_pll.v(70)
HDL-1007 : analyze VHDL file import/video_pll.vhd
HDL-1007 : analyze entity video_pll in import/video_pll.vhd(29)
HDL-1007 : analyze architecture rtl in import/video_pll.vhd(38)
HDL-1007 : analyze verilog file import/sdram_arbiter.v
HDL-1007 : analyze verilog file import/udp_mode_send.v
HDL-1007 : analyze verilog file import/udp2sdr.v
HDL-1007 : analyze verilog file import/video_delay.v
HDL-1007 : analyze verilog file import/video_timing_data.v
HDL-1007 : analyze VHDL file import/hdmi_tx.vhd
HDL-1007 : analyze entity hdmi_tx in import/hdmi_tx.vhd(11)
HDL-1007 : analyze architecture behavioral in import/hdmi_tx.vhd(33)
HDL-1007 : analyze verilog file import/color_bar.v
HDL-1007 : analyze included file import/video_define.v in import/color_bar.v(2)
HDL-1007 : back to file 'import/color_bar.v' in import/color_bar.v(2)
HDL-1007 : analyze VHDL file import/hdmi/enc_file/DVITransmitter.enc.vhd
HDL-1007 : analyze entity dvitransmitter in import/hdmi/enc_file/DVITransmitter.enc.vhd(13)
HDL-1007 : analyze architecture ** in import/hdmi/enc_file/DVITransmitter.enc.vhd(2)
HDL-1007 : analyze VHDL file import/hdmi/enc_file/SerializerN_1_lvds.enc.vhd
HDL-1007 : analyze entity ** in import/hdmi/enc_file/SerializerN_1_lvds.enc.vhd(12)
HDL-1007 : analyze architecture ** in import/hdmi/enc_file/SerializerN_1_lvds.enc.vhd(25)
HDL-1007 : analyze VHDL file import/hdmi/enc_file/SerializerN_1_lvds_dat.enc.vhd
HDL-1007 : analyze entity ** in import/hdmi/enc_file/SerializerN_1_lvds_dat.enc.vhd(14)
HDL-1007 : analyze architecture ** in import/hdmi/enc_file/SerializerN_1_lvds_dat.enc.vhd(28)
HDL-1007 : analyze VHDL file import/hdmi/enc_file/TMDSEncoder.enc.vhd
HDL-1007 : analyze entity ** in import/hdmi/enc_file/TMDSEncoder.enc.vhd(13)
HDL-1007 : analyze architecture ** in import/hdmi/enc_file/TMDSEncoder.enc.vhd(24)
HDL-1007 : analyze verilog file import/hdmi/enc_file/video_tpg_1080p.enc.v
HDL-1007 : back to file 'import/hdmi/enc_file/video_tpg_1080p.enc.v' in import/hdmi/enc_file/video_tpg_1080p.enc.v(1)
HDL-1007 : analyze verilog file import/hdmi/enc_file/video_tpg_800600.enc.v
HDL-1007 : back to file 'import/hdmi/enc_file/video_tpg_800600.enc.v' in import/hdmi/enc_file/video_tpg_800600.enc.v(1)
HDL-1007 : analyze verilog file import/hdmi/enc_file/video_tpg_1024768.enc.v
HDL-5007 WARNING: literal value ** truncated to fit in ** bits in import/hdmi/enc_file/video_tpg_1024768.enc.v(231)
HDL-1007 : back to file 'import/hdmi/enc_file/video_tpg_1024768.enc.v' in import/hdmi/enc_file/video_tpg_1024768.enc.v(1)
HDL-1007 : analyze verilog file import/hdmi/enc_file/video_tpg_1280800.enc.v
HDL-5007 WARNING: literal value ** truncated to fit in ** bits in import/hdmi/enc_file/video_tpg_1280800.enc.v(233)
HDL-1007 : back to file 'import/hdmi/enc_file/video_tpg_1280800.enc.v' in import/hdmi/enc_file/video_tpg_1280800.enc.v(1)
HDL-1007 : analyze verilog file import/hdmi/enc_file/video_tpg_12801024p.enc.v
HDL-1007 : back to file 'import/hdmi/enc_file/video_tpg_12801024p.enc.v' in import/hdmi/enc_file/video_tpg_12801024p.enc.v(1)
HDL-1007 : analyze verilog file import/hdmi/enc_file/video_tpg_16801050p.enc.v
HDL-1007 : back to file 'import/hdmi/enc_file/video_tpg_16801050p.enc.v' in import/hdmi/enc_file/video_tpg_16801050p.enc.v(1)
HDL-1007 : analyze verilog file import/udp_mode_tx.v
HDL-1007 : analyze verilog file import/udp_packet_to_sdram.v
PRJ-1412 : reset_run phy_1 syn_1.
PRJ-1409 : launch_runs syn_1 phy_1  -jobs 6.
PRJ-1410 : Run syn_1 success.
PRJ-1410 : Run phy_1 success.
RUN-1002 : start command "save_best_bits"
PRJ-1424 : The implemented result of phy_1 is saved as best result.
RUN-1002 : start command "import_db C:/Users/30545/Desktop/key34/prj/UDP_EXAMPLE/UDP_EXAMPLE_Runs/phy_1/UDP_EXAMPLE_pr.db"
RUN-1001 : Importing database generated by Tang Dynasty, V6.2.168116.
RUN-1001 : Database version number 46207
RUN-1001 : Import flow parameters
RUN-1001 : Import netlist
PHY-1001 : Generate detailed routing grids ...
PHY-1001 : End build routing graph; 0.578758s wall, 0.515625s user + 0.109375s system = 0.625000s CPU (108.0%)

PHY-1001 : Build lut bridge;  0.049593s wall, 0.031250s user + 0.031250s system = 0.062500s CPU (126.0%)

PHY-1001 : Generate nets ...
PHY-1001 : net clk_50_dup_1 will be routed on clock mesh
PHY-1001 : clock net temac_clk will be merged with clock u_clk_gen/u_pll_0/clk0_buf
PHY-1001 : net udp_clk will be routed on clock mesh
PHY-1001 : clock net cwc_jtck_syn_2 will be merged with clock cwc_jtck
PHY-1001 : clock net u_frame_rw/write_clk_syn_4 will be merged with clock u_frame_rw/write_clk
PHY-1001 : clock net u_frame_rw/read_clk_syn_4 will be merged with clock u_frame_rw/read_clk
PHY-1001 : clock net u4_trimac_block/rx_clk will be merged with clock phy1_rgmii_rx_clk_dup_1
PHY-1001 : clock net u_hdmi_tx/Inst_DVITransmitter/PCLK_I will be merged with clock u_video_pll/clk0_buf
PHY-1001 : net u_hdmi_tx/Inst_DVITransmitter/PCLK_X5_I will be routed on clock mesh
PHY-1001 : net u_sdram/u2_ram/SDRAM_CLK will be routed on clock mesh
PHY-1001 : clock net u_sd_card_bmp/bmp_read_m0/clk will be merged with clock u_sys_pll/clk0_buf
PHY-1001 : eco open net = 0
PHY-1001 : 235 feed throughs used by 196 nets
RUN-1001 : Import phy database
RUN-1001 : Import timing constraints
RUN-1001 : Import IO constraints
RUN-1001 : Import Inst constraints
RUN-1001 : Import ChipWatcher
RUN-1001 : Import design success TD_VERSION=6.2.168116 , DB_VERSION=46207
RUN-1003 : finish command "import_db C:/Users/30545/Desktop/key34/prj/UDP_EXAMPLE/UDP_EXAMPLE_Runs/phy_1/UDP_EXAMPLE_pr.db" in  3.155436s wall, 2.890625s user + 0.453125s system = 3.343750s CPU (106.0%)

RUN-1004 : used memory is 752 MB, reserved memory is 727 MB, peak memory is 830 MB
RUN-1002 : start command "commit_param -step design"
RUN-1001 : Print Global Property
RUN-1001 : --------------------------------------------------------
RUN-1001 :   Parameters   |  Settings  |  Default Values  |  Note  
RUN-1001 : --------------------------------------------------------
RUN-1001 :   enable_seed  |    off     |       off        |        
RUN-1001 :     message    |  standard  |     standard     |        
RUN-1001 :   qor_monitor  |     on     |        on        |        
RUN-1001 :   syn_ip_flow  |    off     |       off        |        
RUN-1001 :     thread     |    auto    |       auto       |        
RUN-1001 : --------------------------------------------------------
RUN-1001 : Print Design Property
RUN-1001 : ----------------------------------------------------------------
RUN-1001 :       Parameters       |  Settings  |  Default Values  |  Note  
RUN-1001 : ----------------------------------------------------------------
RUN-1001 :   default_reg_initial  |    auto    |       auto       |        
RUN-1001 :    hdl_warning_level   |   normal   |      normal      |        
RUN-1001 : ----------------------------------------------------------------
HDL-1007 : analyze verilog file al_ip/TEMAC_CORE/RTL/mac_core_aead6cd6dadd.v
HDL-1007 : analyze verilog file al_ip/TEMAC_CORE/RTL/TEMAC_CORE_aead6cd6dadd.v
HDL-5007 WARNING: column 1032 exceeds maximum value 1023 in al_ip/TEMAC_CORE/RTL/TEMAC_CORE_aead6cd6dadd.v(30)
HDL-1007 : back to file 'al_ip/TEMAC_CORE/RTL/TEMAC_CORE_aead6cd6dadd.v' in al_ip/TEMAC_CORE/RTL/TEMAC_CORE_aead6cd6dadd.v(86)
HDL-5007 WARNING: event expressions must result in a singular type in al_ip/TEMAC_CORE/RTL/TEMAC_CORE_aead6cd6dadd.v(3001)
HDL-1007 : undeclared symbol '**', assumed default net type '**' in al_ip/TEMAC_CORE/RTL/TEMAC_CORE_aead6cd6dadd.v(5050)
HDL-1007 : undeclared symbol '**', assumed default net type '**' in al_ip/TEMAC_CORE/RTL/TEMAC_CORE_aead6cd6dadd.v(5458)
HDL-5007 WARNING: column 1035 exceeds maximum value 1023 in al_ip/TEMAC_CORE/RTL/TEMAC_CORE_aead6cd6dadd.v(6001)
HDL-1007 : back to file 'al_ip/TEMAC_CORE/RTL/TEMAC_CORE_aead6cd6dadd.v' in al_ip/TEMAC_CORE/RTL/TEMAC_CORE_aead6cd6dadd.v(260)
HDL-1007 : analyze verilog file al_ip/TEMAC_CORE/TEMAC_CORE.v
HDL-1007 : analyze verilog file al_ip/pll_gen.v
HDL-1007 : undeclared symbol 'pll_gen_open0', assumed default net type 'wire' in al_ip/pll_gen.v(99)
HDL-1007 : undeclared symbol 'pll_gen_open8', assumed default net type 'wire' in al_ip/pll_gen.v(105)
HDL-1007 : undeclared symbol 'pll_gen_open7', assumed default net type 'wire' in al_ip/pll_gen.v(105)
HDL-1007 : undeclared symbol 'pll_gen_open6', assumed default net type 'wire' in al_ip/pll_gen.v(105)
HDL-1007 : undeclared symbol 'pll_gen_open5', assumed default net type 'wire' in al_ip/pll_gen.v(105)
HDL-1007 : undeclared symbol 'pll_gen_open4', assumed default net type 'wire' in al_ip/pll_gen.v(105)
HDL-1007 : undeclared symbol 'pll_gen_open3', assumed default net type 'wire' in al_ip/pll_gen.v(105)
HDL-1007 : undeclared symbol 'pll_gen_open2', assumed default net type 'wire' in al_ip/pll_gen.v(105)
HDL-1007 : undeclared symbol 'pll_gen_open1', assumed default net type 'wire' in al_ip/pll_gen.v(105)
HDL-1007 : analyze verilog file import/afifo_16_32_256.v
HDL-1007 : analyze verilog file import/afifo_32_16_256.v
HDL-1007 : analyze verilog file import/ax_debounce.v
HDL-1007 : analyze verilog file import/bmp_read.v
HDL-1007 : analyze verilog file import/BUFGMUX.v
HDL-1007 : analyze verilog file import/clk_gen_rst_gen.v
HDL-1007 : analyze verilog file import/div_clk_gen.v
HDL-1007 : analyze verilog file import/frame_fifo_read.v
HDL-1007 : analyze verilog file import/frame_fifo_write.v
HDL-1007 : analyze verilog file import/frame_read_write.v
HDL-1007 : analyze verilog file import/IDDR.v
HDL-1007 : analyze verilog file import/key_mode_ctrl.v
HDL-1007 : analyze verilog file import/led.v
HDL-1007 : analyze verilog file import/ODDR.v
HDL-1007 : analyze verilog file import/RAMB16_S9_S9.v
HDL-1007 : undeclared symbol 'open', assumed default net type 'wire' in import/RAMB16_S9_S9.v(109)
HDL-1007 : analyze verilog file import/rgmii_interface.v
HDL-1007 : analyze verilog file import/rx_client_fifo.v
HDL-5370 WARNING: parameter 'WAIT_s' becomes localparam in 'rx_client_fifo' with formal parameter declaration list in import/rx_client_fifo.v(49)
HDL-5370 WARNING: parameter 'QUEUE1_s' becomes localparam in 'rx_client_fifo' with formal parameter declaration list in import/rx_client_fifo.v(50)
HDL-5370 WARNING: parameter 'QUEUE2_s' becomes localparam in 'rx_client_fifo' with formal parameter declaration list in import/rx_client_fifo.v(51)
HDL-5370 WARNING: parameter 'QUEUE3_s' becomes localparam in 'rx_client_fifo' with formal parameter declaration list in import/rx_client_fifo.v(52)
HDL-5370 WARNING: parameter 'QUEUE_SOF_s' becomes localparam in 'rx_client_fifo' with formal parameter declaration list in import/rx_client_fifo.v(53)
HDL-5370 WARNING: parameter 'SOF_s' becomes localparam in 'rx_client_fifo' with formal parameter declaration list in import/rx_client_fifo.v(54)
HDL-5370 WARNING: parameter 'DATA_s' becomes localparam in 'rx_client_fifo' with formal parameter declaration list in import/rx_client_fifo.v(55)
HDL-5370 WARNING: parameter 'EOF_s' becomes localparam in 'rx_client_fifo' with formal parameter declaration list in import/rx_client_fifo.v(56)
HDL-5370 WARNING: parameter 'IDLE_s' becomes localparam in 'rx_client_fifo' with formal parameter declaration list in import/rx_client_fifo.v(62)
HDL-5370 WARNING: parameter 'FRAME_s' becomes localparam in 'rx_client_fifo' with formal parameter declaration list in import/rx_client_fifo.v(63)
HDL-5370 Similar messages will be suppressed.
HDL-1007 : analyze verilog file import/sd_card_bmp.v
HDL-1007 : analyze verilog file import/sd_card_cmd.v
HDL-1007 : analyze verilog file import/sd_card_sec_read_write.v
HDL-1007 : analyze verilog file import/sd_card_top.v
HDL-1007 : analyze verilog file import/sdram.v
HDL-1007 : analyze included file import/global_def.v in import/sdram.v(10)
HDL-1007 : back to file 'import/sdram.v' in import/sdram.v(10)
HDL-1007 : undeclared symbol 'SDR_CKE', assumed default net type 'wire' in import/sdram.v(88)
HDL-1007 : analyze verilog file import/spi_master.v
HDL-1007 : analyze verilog file import/sys_pll.v
HDL-1007 : undeclared symbol 'open', assumed default net type 'wire' in import/sys_pll.v(77)
HDL-1007 : analyze verilog file import/temac_block.v
HDL-1007 : analyze verilog file import/temac_clk_gen.v
HDL-1007 : analyze verilog file import/tx_client_fifo.v
HDL-5370 WARNING: parameter 'IDLE_s' becomes localparam in 'tx_client_fifo' with formal parameter declaration list in import/tx_client_fifo.v(53)
HDL-5370 WARNING: parameter 'QUEUE1_s' becomes localparam in 'tx_client_fifo' with formal parameter declaration list in import/tx_client_fifo.v(54)
HDL-5370 WARNING: parameter 'QUEUE2_s' becomes localparam in 'tx_client_fifo' with formal parameter declaration list in import/tx_client_fifo.v(55)
HDL-5370 WARNING: parameter 'QUEUE3_s' becomes localparam in 'tx_client_fifo' with formal parameter declaration list in import/tx_client_fifo.v(56)
HDL-5370 WARNING: parameter 'QUEUE_ACK_s' becomes localparam in 'tx_client_fifo' with formal parameter declaration list in import/tx_client_fifo.v(57)
HDL-5370 WARNING: parameter 'WAIT_ACK_s' becomes localparam in 'tx_client_fifo' with formal parameter declaration list in import/tx_client_fifo.v(58)
HDL-5370 WARNING: parameter 'FRAME_s' becomes localparam in 'tx_client_fifo' with formal parameter declaration list in import/tx_client_fifo.v(59)
HDL-5370 WARNING: parameter 'DROP_s' becomes localparam in 'tx_client_fifo' with formal parameter declaration list in import/tx_client_fifo.v(60)
HDL-5370 WARNING: parameter 'RETRANSMIT_s' becomes localparam in 'tx_client_fifo' with formal parameter declaration list in import/tx_client_fifo.v(61)
HDL-5370 WARNING: parameter 'WAIT_s' becomes localparam in 'tx_client_fifo' with formal parameter declaration list in import/tx_client_fifo.v(67)
HDL-5370 Similar messages will be suppressed.
HDL-1007 : analyze verilog file import/tx_clk_en_gen.v
HDL-1007 : analyze verilog file import/udp_data_tpg.v
HDL-1007 : analyze verilog file import/udp_echo_test.v
HDL-1007 : analyze verilog file import/UDP_Example_Top.v
HDL-1007 : undeclared symbol 'phy_reset', assumed default net type 'wire' in import/UDP_Example_Top.v(228)
HDL-1007 : analyze verilog file import/udp_img_send.v
HDL-1007 : analyze verilog file import/udp_ip_protocol_stack_merge.enc.v
HDL-1007 : back to file 'import/udp_ip_protocol_stack_merge.enc.v' in import/udp_ip_protocol_stack_merge.enc.v(56)
HDL-1007 : undeclared symbol '**', assumed default net type '**' in import/udp_ip_protocol_stack_merge.enc.v(2638)
HDL-1007 : back to file 'import/udp_ip_protocol_stack_merge.enc.v' in import/udp_ip_protocol_stack_merge.enc.v(420)
HDL-1007 : analyze verilog file import/udp_tx_arbiter.v
HDL-1007 : analyze verilog file import/udp_tx_simple.v
HDL-1007 : analyze verilog file import/sdr_as_ram.enc.v
HDL-1007 : back to file 'import/sdr_as_ram.enc.v' in import/sdr_as_ram.enc.v(45)
HDL-1007 : analyze verilog file import/sdr_init_ref.enc.v
HDL-1007 : analyze included file import/global_def.v in import/sdr_init_ref.enc.v(11)
HDL-1007 : back to file 'import/sdr_init_ref.enc.v' in import/sdr_init_ref.enc.v(11)
HDL-1007 : undeclared symbol '**', assumed default net type '**' in import/sdr_init_ref.enc.v(57)
HDL-1007 : back to file 'import/sdr_init_ref.enc.v' in import/sdr_init_ref.enc.v(149)
HDL-5007 WARNING: concatenation with an unsized literal will be treated as 32 bits in import/sdr_init_ref.enc.v(47)
HDL-1007 : analyze verilog file import/sdr_wrrd.enc.v
HDL-5007 WARNING: concatenation with an unsized literal will be treated as 32 bits in import/sdr_wrrd.enc.v(283)
HDL-1007 : back to file 'import/sdr_wrrd.enc.v' in import/sdr_wrrd.enc.v(19)
HDL-1007 : analyze verilog file import/udp_simple_send.v
HDL-1007 : analyze verilog file import/video_pll.v
HDL-1007 : undeclared symbol 'open', assumed default net type 'wire' in import/video_pll.v(70)
HDL-1007 : analyze VHDL file import/video_pll.vhd
HDL-1007 : analyze entity video_pll in import/video_pll.vhd(29)
HDL-1007 : analyze architecture rtl in import/video_pll.vhd(38)
HDL-1007 : analyze verilog file import/sdram_arbiter.v
HDL-1007 : analyze verilog file import/udp_mode_send.v
HDL-1007 : analyze verilog file import/udp2sdr.v
HDL-1007 : analyze verilog file import/video_delay.v
HDL-1007 : analyze verilog file import/video_timing_data.v
HDL-1007 : analyze VHDL file import/hdmi_tx.vhd
HDL-1007 : analyze entity hdmi_tx in import/hdmi_tx.vhd(11)
HDL-1007 : analyze architecture behavioral in import/hdmi_tx.vhd(33)
HDL-1007 : analyze verilog file import/color_bar.v
HDL-1007 : analyze included file import/video_define.v in import/color_bar.v(2)
HDL-1007 : back to file 'import/color_bar.v' in import/color_bar.v(2)
HDL-1007 : analyze VHDL file import/hdmi/enc_file/DVITransmitter.enc.vhd
HDL-1007 : analyze entity dvitransmitter in import/hdmi/enc_file/DVITransmitter.enc.vhd(13)
HDL-1007 : analyze architecture ** in import/hdmi/enc_file/DVITransmitter.enc.vhd(2)
HDL-1007 : analyze VHDL file import/hdmi/enc_file/SerializerN_1_lvds.enc.vhd
HDL-1007 : analyze entity ** in import/hdmi/enc_file/SerializerN_1_lvds.enc.vhd(12)
HDL-1007 : analyze architecture ** in import/hdmi/enc_file/SerializerN_1_lvds.enc.vhd(25)
HDL-1007 : analyze VHDL file import/hdmi/enc_file/SerializerN_1_lvds_dat.enc.vhd
HDL-1007 : analyze entity ** in import/hdmi/enc_file/SerializerN_1_lvds_dat.enc.vhd(14)
HDL-1007 : analyze architecture ** in import/hdmi/enc_file/SerializerN_1_lvds_dat.enc.vhd(28)
HDL-1007 : analyze VHDL file import/hdmi/enc_file/TMDSEncoder.enc.vhd
HDL-1007 : analyze entity ** in import/hdmi/enc_file/TMDSEncoder.enc.vhd(13)
HDL-1007 : analyze architecture ** in import/hdmi/enc_file/TMDSEncoder.enc.vhd(24)
HDL-1007 : analyze verilog file import/hdmi/enc_file/video_tpg_1080p.enc.v
HDL-1007 : back to file 'import/hdmi/enc_file/video_tpg_1080p.enc.v' in import/hdmi/enc_file/video_tpg_1080p.enc.v(1)
HDL-1007 : analyze verilog file import/hdmi/enc_file/video_tpg_800600.enc.v
HDL-1007 : back to file 'import/hdmi/enc_file/video_tpg_800600.enc.v' in import/hdmi/enc_file/video_tpg_800600.enc.v(1)
HDL-1007 : analyze verilog file import/hdmi/enc_file/video_tpg_1024768.enc.v
HDL-5007 WARNING: literal value ** truncated to fit in ** bits in import/hdmi/enc_file/video_tpg_1024768.enc.v(231)
HDL-1007 : back to file 'import/hdmi/enc_file/video_tpg_1024768.enc.v' in import/hdmi/enc_file/video_tpg_1024768.enc.v(1)
HDL-1007 : analyze verilog file import/hdmi/enc_file/video_tpg_1280800.enc.v
HDL-5007 WARNING: literal value ** truncated to fit in ** bits in import/hdmi/enc_file/video_tpg_1280800.enc.v(233)
HDL-1007 : back to file 'import/hdmi/enc_file/video_tpg_1280800.enc.v' in import/hdmi/enc_file/video_tpg_1280800.enc.v(1)
HDL-1007 : analyze verilog file import/hdmi/enc_file/video_tpg_12801024p.enc.v
HDL-1007 : back to file 'import/hdmi/enc_file/video_tpg_12801024p.enc.v' in import/hdmi/enc_file/video_tpg_12801024p.enc.v(1)
HDL-1007 : analyze verilog file import/hdmi/enc_file/video_tpg_16801050p.enc.v
HDL-1007 : back to file 'import/hdmi/enc_file/video_tpg_16801050p.enc.v' in import/hdmi/enc_file/video_tpg_16801050p.enc.v(1)
HDL-1007 : analyze verilog file import/udp_mode_tx.v
HDL-1007 : analyze verilog file import/udp_packet_to_sdram.v
PRJ-1412 : reset_run phy_1 syn_1.
PRJ-1409 : launch_runs syn_1 phy_1  -jobs 6.
PRJ-1410 : Run syn_1 success.
PRJ-1410 : Run phy_1 success.
RUN-1002 : start command "save_best_bits"
PRJ-1424 : The implemented result of phy_1 is saved as best result.
RUN-1002 : start command "import_db C:/Users/30545/Desktop/key34/prj/UDP_EXAMPLE/UDP_EXAMPLE_Runs/phy_1/UDP_EXAMPLE_pr.db"
RUN-1001 : Importing database generated by Tang Dynasty, V6.2.168116.
RUN-1001 : Database version number 46207
RUN-1001 : Import flow parameters
RUN-1001 : Import netlist
PHY-1001 : Generate detailed routing grids ...
PHY-1001 : End build routing graph; 0.452137s wall, 0.406250s user + 0.062500s system = 0.468750s CPU (103.7%)

PHY-1001 : Build lut bridge;  0.048426s wall, 0.046875s user + 0.000000s system = 0.046875s CPU (96.8%)

PHY-1001 : Generate nets ...
PHY-1001 : net clk_50_dup_1 will be routed on clock mesh
PHY-1001 : clock net temac_clk will be merged with clock u_clk_gen/u_pll_0/clk0_buf
PHY-1001 : net udp_clk will be routed on clock mesh
PHY-1001 : clock net cwc_jtck_syn_2 will be merged with clock cwc_jtck
PHY-1001 : clock net u_frame_rw/write_clk_syn_4 will be merged with clock u_frame_rw/write_clk
PHY-1001 : clock net u_frame_rw/read_clk_syn_4 will be merged with clock u_frame_rw/read_clk
PHY-1001 : clock net u4_trimac_block/rx_clk will be merged with clock phy1_rgmii_rx_clk_dup_1
PHY-1001 : clock net u_hdmi_tx/Inst_DVITransmitter/PCLK_I will be merged with clock u_video_pll/clk0_buf
PHY-1001 : net u_hdmi_tx/Inst_DVITransmitter/PCLK_X5_I will be routed on clock mesh
PHY-1001 : net u_sdram/u2_ram/SDRAM_CLK will be routed on clock mesh
PHY-1001 : clock net u_sd_card_bmp/bmp_read_m0/clk will be merged with clock u_sys_pll/clk0_buf
PHY-1001 : eco open net = 0
PHY-1001 : 223 feed throughs used by 178 nets
RUN-1001 : Import phy database
RUN-1001 : Import timing constraints
RUN-1001 : Import IO constraints
RUN-1001 : Import Inst constraints
RUN-1001 : Import ChipWatcher
RUN-1001 : Import design success TD_VERSION=6.2.168116 , DB_VERSION=46207
RUN-1003 : finish command "import_db C:/Users/30545/Desktop/key34/prj/UDP_EXAMPLE/UDP_EXAMPLE_Runs/phy_1/UDP_EXAMPLE_pr.db" in  2.753187s wall, 2.390625s user + 0.453125s system = 2.843750s CPU (103.3%)

RUN-1004 : used memory is 711 MB, reserved memory is 739 MB, peak memory is 830 MB
RUN-1002 : start command "commit_param -step design"
RUN-1001 : Print Global Property
RUN-1001 : --------------------------------------------------------
RUN-1001 :   Parameters   |  Settings  |  Default Values  |  Note  
RUN-1001 : --------------------------------------------------------
RUN-1001 :   enable_seed  |    off     |       off        |        
RUN-1001 :     message    |  standard  |     standard     |        
RUN-1001 :   qor_monitor  |     on     |        on        |        
RUN-1001 :   syn_ip_flow  |    off     |       off        |        
RUN-1001 :     thread     |    auto    |       auto       |        
RUN-1001 : --------------------------------------------------------
RUN-1001 : Print Design Property
RUN-1001 : ----------------------------------------------------------------
RUN-1001 :       Parameters       |  Settings  |  Default Values  |  Note  
RUN-1001 : ----------------------------------------------------------------
RUN-1001 :   default_reg_initial  |    auto    |       auto       |        
RUN-1001 :    hdl_warning_level   |   normal   |      normal      |        
RUN-1001 : ----------------------------------------------------------------
HDL-1007 : analyze verilog file al_ip/TEMAC_CORE/RTL/mac_core_aead6cd6dadd.v
HDL-1007 : analyze verilog file al_ip/TEMAC_CORE/RTL/TEMAC_CORE_aead6cd6dadd.v
HDL-5007 WARNING: column 1032 exceeds maximum value 1023 in al_ip/TEMAC_CORE/RTL/TEMAC_CORE_aead6cd6dadd.v(30)
HDL-1007 : back to file 'al_ip/TEMAC_CORE/RTL/TEMAC_CORE_aead6cd6dadd.v' in al_ip/TEMAC_CORE/RTL/TEMAC_CORE_aead6cd6dadd.v(86)
HDL-5007 WARNING: event expressions must result in a singular type in al_ip/TEMAC_CORE/RTL/TEMAC_CORE_aead6cd6dadd.v(3001)
HDL-1007 : undeclared symbol '**', assumed default net type '**' in al_ip/TEMAC_CORE/RTL/TEMAC_CORE_aead6cd6dadd.v(5050)
HDL-1007 : undeclared symbol '**', assumed default net type '**' in al_ip/TEMAC_CORE/RTL/TEMAC_CORE_aead6cd6dadd.v(5458)
HDL-5007 WARNING: column 1035 exceeds maximum value 1023 in al_ip/TEMAC_CORE/RTL/TEMAC_CORE_aead6cd6dadd.v(6001)
HDL-1007 : back to file 'al_ip/TEMAC_CORE/RTL/TEMAC_CORE_aead6cd6dadd.v' in al_ip/TEMAC_CORE/RTL/TEMAC_CORE_aead6cd6dadd.v(260)
HDL-1007 : analyze verilog file al_ip/TEMAC_CORE/TEMAC_CORE.v
HDL-1007 : analyze verilog file al_ip/pll_gen.v
HDL-1007 : undeclared symbol 'pll_gen_open0', assumed default net type 'wire' in al_ip/pll_gen.v(99)
HDL-1007 : undeclared symbol 'pll_gen_open8', assumed default net type 'wire' in al_ip/pll_gen.v(105)
HDL-1007 : undeclared symbol 'pll_gen_open7', assumed default net type 'wire' in al_ip/pll_gen.v(105)
HDL-1007 : undeclared symbol 'pll_gen_open6', assumed default net type 'wire' in al_ip/pll_gen.v(105)
HDL-1007 : undeclared symbol 'pll_gen_open5', assumed default net type 'wire' in al_ip/pll_gen.v(105)
HDL-1007 : undeclared symbol 'pll_gen_open4', assumed default net type 'wire' in al_ip/pll_gen.v(105)
HDL-1007 : undeclared symbol 'pll_gen_open3', assumed default net type 'wire' in al_ip/pll_gen.v(105)
HDL-1007 : undeclared symbol 'pll_gen_open2', assumed default net type 'wire' in al_ip/pll_gen.v(105)
HDL-1007 : undeclared symbol 'pll_gen_open1', assumed default net type 'wire' in al_ip/pll_gen.v(105)
HDL-1007 : analyze verilog file import/afifo_16_32_256.v
HDL-1007 : analyze verilog file import/afifo_32_16_256.v
HDL-1007 : analyze verilog file import/ax_debounce.v
HDL-1007 : analyze verilog file import/bmp_read.v
HDL-1007 : analyze verilog file import/BUFGMUX.v
HDL-1007 : analyze verilog file import/clk_gen_rst_gen.v
HDL-1007 : analyze verilog file import/div_clk_gen.v
HDL-1007 : analyze verilog file import/frame_fifo_read.v
HDL-1007 : analyze verilog file import/frame_fifo_write.v
HDL-1007 : analyze verilog file import/frame_read_write.v
HDL-1007 : analyze verilog file import/IDDR.v
HDL-1007 : analyze verilog file import/key_mode_ctrl.v
HDL-1007 : analyze verilog file import/led.v
HDL-1007 : analyze verilog file import/ODDR.v
HDL-1007 : analyze verilog file import/RAMB16_S9_S9.v
HDL-1007 : undeclared symbol 'open', assumed default net type 'wire' in import/RAMB16_S9_S9.v(109)
HDL-1007 : analyze verilog file import/rgmii_interface.v
HDL-1007 : analyze verilog file import/rx_client_fifo.v
HDL-5370 WARNING: parameter 'WAIT_s' becomes localparam in 'rx_client_fifo' with formal parameter declaration list in import/rx_client_fifo.v(49)
HDL-5370 WARNING: parameter 'QUEUE1_s' becomes localparam in 'rx_client_fifo' with formal parameter declaration list in import/rx_client_fifo.v(50)
HDL-5370 WARNING: parameter 'QUEUE2_s' becomes localparam in 'rx_client_fifo' with formal parameter declaration list in import/rx_client_fifo.v(51)
HDL-5370 WARNING: parameter 'QUEUE3_s' becomes localparam in 'rx_client_fifo' with formal parameter declaration list in import/rx_client_fifo.v(52)
HDL-5370 WARNING: parameter 'QUEUE_SOF_s' becomes localparam in 'rx_client_fifo' with formal parameter declaration list in import/rx_client_fifo.v(53)
HDL-5370 WARNING: parameter 'SOF_s' becomes localparam in 'rx_client_fifo' with formal parameter declaration list in import/rx_client_fifo.v(54)
HDL-5370 WARNING: parameter 'DATA_s' becomes localparam in 'rx_client_fifo' with formal parameter declaration list in import/rx_client_fifo.v(55)
HDL-5370 WARNING: parameter 'EOF_s' becomes localparam in 'rx_client_fifo' with formal parameter declaration list in import/rx_client_fifo.v(56)
HDL-5370 WARNING: parameter 'IDLE_s' becomes localparam in 'rx_client_fifo' with formal parameter declaration list in import/rx_client_fifo.v(62)
HDL-5370 WARNING: parameter 'FRAME_s' becomes localparam in 'rx_client_fifo' with formal parameter declaration list in import/rx_client_fifo.v(63)
HDL-5370 Similar messages will be suppressed.
HDL-1007 : analyze verilog file import/sd_card_bmp.v
HDL-1007 : analyze verilog file import/sd_card_cmd.v
HDL-1007 : analyze verilog file import/sd_card_sec_read_write.v
HDL-1007 : analyze verilog file import/sd_card_top.v
HDL-1007 : analyze verilog file import/sdram.v
HDL-1007 : analyze included file import/global_def.v in import/sdram.v(10)
HDL-1007 : back to file 'import/sdram.v' in import/sdram.v(10)
HDL-1007 : undeclared symbol 'SDR_CKE', assumed default net type 'wire' in import/sdram.v(88)
HDL-1007 : analyze verilog file import/spi_master.v
HDL-1007 : analyze verilog file import/sys_pll.v
HDL-1007 : undeclared symbol 'open', assumed default net type 'wire' in import/sys_pll.v(77)
HDL-1007 : analyze verilog file import/temac_block.v
HDL-1007 : analyze verilog file import/temac_clk_gen.v
HDL-1007 : analyze verilog file import/tx_client_fifo.v
HDL-5370 WARNING: parameter 'IDLE_s' becomes localparam in 'tx_client_fifo' with formal parameter declaration list in import/tx_client_fifo.v(53)
HDL-5370 WARNING: parameter 'QUEUE1_s' becomes localparam in 'tx_client_fifo' with formal parameter declaration list in import/tx_client_fifo.v(54)
HDL-5370 WARNING: parameter 'QUEUE2_s' becomes localparam in 'tx_client_fifo' with formal parameter declaration list in import/tx_client_fifo.v(55)
HDL-5370 WARNING: parameter 'QUEUE3_s' becomes localparam in 'tx_client_fifo' with formal parameter declaration list in import/tx_client_fifo.v(56)
HDL-5370 WARNING: parameter 'QUEUE_ACK_s' becomes localparam in 'tx_client_fifo' with formal parameter declaration list in import/tx_client_fifo.v(57)
HDL-5370 WARNING: parameter 'WAIT_ACK_s' becomes localparam in 'tx_client_fifo' with formal parameter declaration list in import/tx_client_fifo.v(58)
HDL-5370 WARNING: parameter 'FRAME_s' becomes localparam in 'tx_client_fifo' with formal parameter declaration list in import/tx_client_fifo.v(59)
HDL-5370 WARNING: parameter 'DROP_s' becomes localparam in 'tx_client_fifo' with formal parameter declaration list in import/tx_client_fifo.v(60)
HDL-5370 WARNING: parameter 'RETRANSMIT_s' becomes localparam in 'tx_client_fifo' with formal parameter declaration list in import/tx_client_fifo.v(61)
HDL-5370 WARNING: parameter 'WAIT_s' becomes localparam in 'tx_client_fifo' with formal parameter declaration list in import/tx_client_fifo.v(67)
HDL-5370 Similar messages will be suppressed.
HDL-1007 : analyze verilog file import/tx_clk_en_gen.v
HDL-1007 : analyze verilog file import/udp_data_tpg.v
HDL-1007 : analyze verilog file import/udp_echo_test.v
HDL-1007 : analyze verilog file import/UDP_Example_Top.v
HDL-1007 : undeclared symbol 'phy_reset', assumed default net type 'wire' in import/UDP_Example_Top.v(228)
HDL-1007 : analyze verilog file import/udp_img_send.v
HDL-1007 : analyze verilog file import/udp_ip_protocol_stack_merge.enc.v
HDL-1007 : back to file 'import/udp_ip_protocol_stack_merge.enc.v' in import/udp_ip_protocol_stack_merge.enc.v(56)
HDL-1007 : undeclared symbol '**', assumed default net type '**' in import/udp_ip_protocol_stack_merge.enc.v(2638)
HDL-1007 : back to file 'import/udp_ip_protocol_stack_merge.enc.v' in import/udp_ip_protocol_stack_merge.enc.v(420)
HDL-1007 : analyze verilog file import/udp_tx_arbiter.v
HDL-1007 : analyze verilog file import/udp_tx_simple.v
HDL-1007 : analyze verilog file import/sdr_as_ram.enc.v
HDL-1007 : back to file 'import/sdr_as_ram.enc.v' in import/sdr_as_ram.enc.v(45)
HDL-1007 : analyze verilog file import/sdr_init_ref.enc.v
HDL-1007 : analyze included file import/global_def.v in import/sdr_init_ref.enc.v(11)
HDL-1007 : back to file 'import/sdr_init_ref.enc.v' in import/sdr_init_ref.enc.v(11)
HDL-1007 : undeclared symbol '**', assumed default net type '**' in import/sdr_init_ref.enc.v(57)
HDL-1007 : back to file 'import/sdr_init_ref.enc.v' in import/sdr_init_ref.enc.v(149)
HDL-5007 WARNING: concatenation with an unsized literal will be treated as 32 bits in import/sdr_init_ref.enc.v(47)
HDL-1007 : analyze verilog file import/sdr_wrrd.enc.v
HDL-5007 WARNING: concatenation with an unsized literal will be treated as 32 bits in import/sdr_wrrd.enc.v(283)
HDL-1007 : back to file 'import/sdr_wrrd.enc.v' in import/sdr_wrrd.enc.v(19)
HDL-1007 : analyze verilog file import/udp_simple_send.v
HDL-1007 : analyze verilog file import/video_pll.v
HDL-1007 : undeclared symbol 'open', assumed default net type 'wire' in import/video_pll.v(70)
HDL-1007 : analyze VHDL file import/video_pll.vhd
HDL-1007 : analyze entity video_pll in import/video_pll.vhd(29)
HDL-1007 : analyze architecture rtl in import/video_pll.vhd(38)
HDL-1007 : analyze verilog file import/sdram_arbiter.v
HDL-1007 : analyze verilog file import/udp_mode_send.v
HDL-1007 : analyze verilog file import/udp2sdr.v
HDL-1007 : analyze verilog file import/video_delay.v
HDL-1007 : analyze verilog file import/video_timing_data.v
HDL-1007 : analyze VHDL file import/hdmi_tx.vhd
HDL-1007 : analyze entity hdmi_tx in import/hdmi_tx.vhd(11)
HDL-1007 : analyze architecture behavioral in import/hdmi_tx.vhd(33)
HDL-1007 : analyze verilog file import/color_bar.v
HDL-1007 : analyze included file import/video_define.v in import/color_bar.v(2)
HDL-1007 : back to file 'import/color_bar.v' in import/color_bar.v(2)
HDL-1007 : analyze VHDL file import/hdmi/enc_file/DVITransmitter.enc.vhd
HDL-1007 : analyze entity dvitransmitter in import/hdmi/enc_file/DVITransmitter.enc.vhd(13)
HDL-1007 : analyze architecture ** in import/hdmi/enc_file/DVITransmitter.enc.vhd(2)
HDL-1007 : analyze VHDL file import/hdmi/enc_file/SerializerN_1_lvds.enc.vhd
HDL-1007 : analyze entity ** in import/hdmi/enc_file/SerializerN_1_lvds.enc.vhd(12)
HDL-1007 : analyze architecture ** in import/hdmi/enc_file/SerializerN_1_lvds.enc.vhd(25)
HDL-1007 : analyze VHDL file import/hdmi/enc_file/SerializerN_1_lvds_dat.enc.vhd
HDL-1007 : analyze entity ** in import/hdmi/enc_file/SerializerN_1_lvds_dat.enc.vhd(14)
HDL-1007 : analyze architecture ** in import/hdmi/enc_file/SerializerN_1_lvds_dat.enc.vhd(28)
HDL-1007 : analyze VHDL file import/hdmi/enc_file/TMDSEncoder.enc.vhd
HDL-1007 : analyze entity ** in import/hdmi/enc_file/TMDSEncoder.enc.vhd(13)
HDL-1007 : analyze architecture ** in import/hdmi/enc_file/TMDSEncoder.enc.vhd(24)
HDL-1007 : analyze verilog file import/hdmi/enc_file/video_tpg_1080p.enc.v
HDL-1007 : back to file 'import/hdmi/enc_file/video_tpg_1080p.enc.v' in import/hdmi/enc_file/video_tpg_1080p.enc.v(1)
HDL-1007 : analyze verilog file import/hdmi/enc_file/video_tpg_800600.enc.v
HDL-1007 : back to file 'import/hdmi/enc_file/video_tpg_800600.enc.v' in import/hdmi/enc_file/video_tpg_800600.enc.v(1)
HDL-1007 : analyze verilog file import/hdmi/enc_file/video_tpg_1024768.enc.v
HDL-5007 WARNING: literal value ** truncated to fit in ** bits in import/hdmi/enc_file/video_tpg_1024768.enc.v(231)
HDL-1007 : back to file 'import/hdmi/enc_file/video_tpg_1024768.enc.v' in import/hdmi/enc_file/video_tpg_1024768.enc.v(1)
HDL-1007 : analyze verilog file import/hdmi/enc_file/video_tpg_1280800.enc.v
HDL-5007 WARNING: literal value ** truncated to fit in ** bits in import/hdmi/enc_file/video_tpg_1280800.enc.v(233)
HDL-1007 : back to file 'import/hdmi/enc_file/video_tpg_1280800.enc.v' in import/hdmi/enc_file/video_tpg_1280800.enc.v(1)
HDL-1007 : analyze verilog file import/hdmi/enc_file/video_tpg_12801024p.enc.v
HDL-1007 : back to file 'import/hdmi/enc_file/video_tpg_12801024p.enc.v' in import/hdmi/enc_file/video_tpg_12801024p.enc.v(1)
HDL-1007 : analyze verilog file import/hdmi/enc_file/video_tpg_16801050p.enc.v
HDL-1007 : back to file 'import/hdmi/enc_file/video_tpg_16801050p.enc.v' in import/hdmi/enc_file/video_tpg_16801050p.enc.v(1)
HDL-1007 : analyze verilog file import/udp_mode_tx.v
HDL-1007 : analyze verilog file import/udp_packet_to_sdram.v
PRJ-1412 : reset_run phy_1 syn_1.
PRJ-1409 : launch_runs syn_1 phy_1  -jobs 6.
PRJ-1410 : Run syn_1 success.
PRJ-1410 : Run phy_1 success.
RUN-1002 : start command "save_best_bits"
PRJ-1424 : The implemented result of phy_1 is saved as best result.
RUN-1002 : start command "import_db C:/Users/30545/Desktop/key34/prj/UDP_EXAMPLE/UDP_EXAMPLE_Runs/phy_1/UDP_EXAMPLE_pr.db"
RUN-1001 : Importing database generated by Tang Dynasty, V6.2.168116.
RUN-1001 : Database version number 46207
RUN-1001 : Import flow parameters
RUN-1001 : Import netlist
PHY-1001 : Generate detailed routing grids ...
PHY-1001 : End build routing graph; 0.547738s wall, 0.515625s user + 0.109375s system = 0.625000s CPU (114.1%)

PHY-1001 : Build lut bridge;  0.060365s wall, 0.062500s user + 0.000000s system = 0.062500s CPU (103.5%)

PHY-1001 : Generate nets ...
PHY-1001 : net clk_50_dup_1 will be routed on clock mesh
PHY-1001 : clock net temac_clk will be merged with clock u_clk_gen/u_pll_0/clk0_buf
PHY-1001 : net udp_clk will be routed on clock mesh
PHY-1001 : clock net cwc_jtck_syn_2 will be merged with clock cwc_jtck
PHY-1001 : clock net u_frame_rw/write_clk_syn_4 will be merged with clock u_frame_rw/write_clk
PHY-1001 : clock net u_frame_rw/read_clk_syn_4 will be merged with clock u_frame_rw/read_clk
PHY-1001 : clock net u4_trimac_block/rx_clk will be merged with clock phy1_rgmii_rx_clk_dup_1
PHY-1001 : clock net u_hdmi_tx/Inst_DVITransmitter/PCLK_I will be merged with clock u_video_pll/clk0_buf
PHY-1001 : net u_hdmi_tx/Inst_DVITransmitter/PCLK_X5_I will be routed on clock mesh
PHY-1001 : net u_sdram/u2_ram/SDRAM_CLK will be routed on clock mesh
PHY-1001 : clock net u_sd_card_bmp/bmp_read_m0/clk will be merged with clock u_sys_pll/clk0_buf
PHY-1001 : eco open net = 0
PHY-1001 : 226 feed throughs used by 183 nets
RUN-1001 : Import phy database
RUN-1001 : Import timing constraints
RUN-1001 : Import IO constraints
RUN-1001 : Import Inst constraints
RUN-1001 : Import ChipWatcher
RUN-1001 : Import design success TD_VERSION=6.2.168116 , DB_VERSION=46207
RUN-1003 : finish command "import_db C:/Users/30545/Desktop/key34/prj/UDP_EXAMPLE/UDP_EXAMPLE_Runs/phy_1/UDP_EXAMPLE_pr.db" in  3.363745s wall, 3.093750s user + 0.468750s system = 3.562500s CPU (105.9%)

RUN-1004 : used memory is 709 MB, reserved memory is 730 MB, peak memory is 830 MB
RUN-1002 : start command "commit_param -step design"
RUN-1001 : Print Global Property
RUN-1001 : --------------------------------------------------------
RUN-1001 :   Parameters   |  Settings  |  Default Values  |  Note  
RUN-1001 : --------------------------------------------------------
RUN-1001 :   enable_seed  |    off     |       off        |        
RUN-1001 :     message    |  standard  |     standard     |        
RUN-1001 :   qor_monitor  |     on     |        on        |        
RUN-1001 :   syn_ip_flow  |    off     |       off        |        
RUN-1001 :     thread     |    auto    |       auto       |        
RUN-1001 : --------------------------------------------------------
RUN-1001 : Print Design Property
RUN-1001 : ----------------------------------------------------------------
RUN-1001 :       Parameters       |  Settings  |  Default Values  |  Note  
RUN-1001 : ----------------------------------------------------------------
RUN-1001 :   default_reg_initial  |    auto    |       auto       |        
RUN-1001 :    hdl_warning_level   |   normal   |      normal      |        
RUN-1001 : ----------------------------------------------------------------
HDL-1007 : analyze verilog file al_ip/TEMAC_CORE/RTL/mac_core_aead6cd6dadd.v
HDL-1007 : analyze verilog file al_ip/TEMAC_CORE/RTL/TEMAC_CORE_aead6cd6dadd.v
HDL-5007 WARNING: column 1032 exceeds maximum value 1023 in al_ip/TEMAC_CORE/RTL/TEMAC_CORE_aead6cd6dadd.v(30)
HDL-1007 : back to file 'al_ip/TEMAC_CORE/RTL/TEMAC_CORE_aead6cd6dadd.v' in al_ip/TEMAC_CORE/RTL/TEMAC_CORE_aead6cd6dadd.v(86)
HDL-5007 WARNING: event expressions must result in a singular type in al_ip/TEMAC_CORE/RTL/TEMAC_CORE_aead6cd6dadd.v(3001)
HDL-1007 : undeclared symbol '**', assumed default net type '**' in al_ip/TEMAC_CORE/RTL/TEMAC_CORE_aead6cd6dadd.v(5050)
HDL-1007 : undeclared symbol '**', assumed default net type '**' in al_ip/TEMAC_CORE/RTL/TEMAC_CORE_aead6cd6dadd.v(5458)
HDL-5007 WARNING: column 1035 exceeds maximum value 1023 in al_ip/TEMAC_CORE/RTL/TEMAC_CORE_aead6cd6dadd.v(6001)
HDL-1007 : back to file 'al_ip/TEMAC_CORE/RTL/TEMAC_CORE_aead6cd6dadd.v' in al_ip/TEMAC_CORE/RTL/TEMAC_CORE_aead6cd6dadd.v(260)
HDL-1007 : analyze verilog file al_ip/TEMAC_CORE/TEMAC_CORE.v
HDL-1007 : analyze verilog file al_ip/pll_gen.v
HDL-1007 : undeclared symbol 'pll_gen_open0', assumed default net type 'wire' in al_ip/pll_gen.v(99)
HDL-1007 : undeclared symbol 'pll_gen_open8', assumed default net type 'wire' in al_ip/pll_gen.v(105)
HDL-1007 : undeclared symbol 'pll_gen_open7', assumed default net type 'wire' in al_ip/pll_gen.v(105)
HDL-1007 : undeclared symbol 'pll_gen_open6', assumed default net type 'wire' in al_ip/pll_gen.v(105)
HDL-1007 : undeclared symbol 'pll_gen_open5', assumed default net type 'wire' in al_ip/pll_gen.v(105)
HDL-1007 : undeclared symbol 'pll_gen_open4', assumed default net type 'wire' in al_ip/pll_gen.v(105)
HDL-1007 : undeclared symbol 'pll_gen_open3', assumed default net type 'wire' in al_ip/pll_gen.v(105)
HDL-1007 : undeclared symbol 'pll_gen_open2', assumed default net type 'wire' in al_ip/pll_gen.v(105)
HDL-1007 : undeclared symbol 'pll_gen_open1', assumed default net type 'wire' in al_ip/pll_gen.v(105)
HDL-1007 : analyze verilog file import/afifo_16_32_256.v
HDL-1007 : analyze verilog file import/afifo_32_16_256.v
HDL-1007 : analyze verilog file import/ax_debounce.v
HDL-1007 : analyze verilog file import/bmp_read.v
HDL-1007 : analyze verilog file import/BUFGMUX.v
HDL-1007 : analyze verilog file import/clk_gen_rst_gen.v
HDL-1007 : analyze verilog file import/div_clk_gen.v
HDL-1007 : analyze verilog file import/frame_fifo_read.v
HDL-1007 : analyze verilog file import/frame_fifo_write.v
HDL-1007 : analyze verilog file import/frame_read_write.v
HDL-1007 : analyze verilog file import/IDDR.v
HDL-1007 : analyze verilog file import/key_mode_ctrl.v
HDL-1007 : analyze verilog file import/led.v
HDL-1007 : analyze verilog file import/ODDR.v
HDL-1007 : analyze verilog file import/RAMB16_S9_S9.v
HDL-1007 : undeclared symbol 'open', assumed default net type 'wire' in import/RAMB16_S9_S9.v(109)
HDL-1007 : analyze verilog file import/rgmii_interface.v
HDL-1007 : analyze verilog file import/rx_client_fifo.v
HDL-5370 WARNING: parameter 'WAIT_s' becomes localparam in 'rx_client_fifo' with formal parameter declaration list in import/rx_client_fifo.v(49)
HDL-5370 WARNING: parameter 'QUEUE1_s' becomes localparam in 'rx_client_fifo' with formal parameter declaration list in import/rx_client_fifo.v(50)
HDL-5370 WARNING: parameter 'QUEUE2_s' becomes localparam in 'rx_client_fifo' with formal parameter declaration list in import/rx_client_fifo.v(51)
HDL-5370 WARNING: parameter 'QUEUE3_s' becomes localparam in 'rx_client_fifo' with formal parameter declaration list in import/rx_client_fifo.v(52)
HDL-5370 WARNING: parameter 'QUEUE_SOF_s' becomes localparam in 'rx_client_fifo' with formal parameter declaration list in import/rx_client_fifo.v(53)
HDL-5370 WARNING: parameter 'SOF_s' becomes localparam in 'rx_client_fifo' with formal parameter declaration list in import/rx_client_fifo.v(54)
HDL-5370 WARNING: parameter 'DATA_s' becomes localparam in 'rx_client_fifo' with formal parameter declaration list in import/rx_client_fifo.v(55)
HDL-5370 WARNING: parameter 'EOF_s' becomes localparam in 'rx_client_fifo' with formal parameter declaration list in import/rx_client_fifo.v(56)
HDL-5370 WARNING: parameter 'IDLE_s' becomes localparam in 'rx_client_fifo' with formal parameter declaration list in import/rx_client_fifo.v(62)
HDL-5370 WARNING: parameter 'FRAME_s' becomes localparam in 'rx_client_fifo' with formal parameter declaration list in import/rx_client_fifo.v(63)
HDL-5370 Similar messages will be suppressed.
HDL-1007 : analyze verilog file import/sd_card_bmp.v
HDL-1007 : analyze verilog file import/sd_card_cmd.v
HDL-1007 : analyze verilog file import/sd_card_sec_read_write.v
HDL-1007 : analyze verilog file import/sd_card_top.v
HDL-1007 : analyze verilog file import/sdram.v
HDL-1007 : analyze included file import/global_def.v in import/sdram.v(10)
HDL-1007 : back to file 'import/sdram.v' in import/sdram.v(10)
HDL-1007 : undeclared symbol 'SDR_CKE', assumed default net type 'wire' in import/sdram.v(88)
HDL-1007 : analyze verilog file import/spi_master.v
HDL-1007 : analyze verilog file import/sys_pll.v
HDL-1007 : undeclared symbol 'open', assumed default net type 'wire' in import/sys_pll.v(77)
HDL-1007 : analyze verilog file import/temac_block.v
HDL-1007 : analyze verilog file import/temac_clk_gen.v
HDL-1007 : analyze verilog file import/tx_client_fifo.v
HDL-5370 WARNING: parameter 'IDLE_s' becomes localparam in 'tx_client_fifo' with formal parameter declaration list in import/tx_client_fifo.v(53)
HDL-5370 WARNING: parameter 'QUEUE1_s' becomes localparam in 'tx_client_fifo' with formal parameter declaration list in import/tx_client_fifo.v(54)
HDL-5370 WARNING: parameter 'QUEUE2_s' becomes localparam in 'tx_client_fifo' with formal parameter declaration list in import/tx_client_fifo.v(55)
HDL-5370 WARNING: parameter 'QUEUE3_s' becomes localparam in 'tx_client_fifo' with formal parameter declaration list in import/tx_client_fifo.v(56)
HDL-5370 WARNING: parameter 'QUEUE_ACK_s' becomes localparam in 'tx_client_fifo' with formal parameter declaration list in import/tx_client_fifo.v(57)
HDL-5370 WARNING: parameter 'WAIT_ACK_s' becomes localparam in 'tx_client_fifo' with formal parameter declaration list in import/tx_client_fifo.v(58)
HDL-5370 WARNING: parameter 'FRAME_s' becomes localparam in 'tx_client_fifo' with formal parameter declaration list in import/tx_client_fifo.v(59)
HDL-5370 WARNING: parameter 'DROP_s' becomes localparam in 'tx_client_fifo' with formal parameter declaration list in import/tx_client_fifo.v(60)
HDL-5370 WARNING: parameter 'RETRANSMIT_s' becomes localparam in 'tx_client_fifo' with formal parameter declaration list in import/tx_client_fifo.v(61)
HDL-5370 WARNING: parameter 'WAIT_s' becomes localparam in 'tx_client_fifo' with formal parameter declaration list in import/tx_client_fifo.v(67)
HDL-5370 Similar messages will be suppressed.
HDL-1007 : analyze verilog file import/tx_clk_en_gen.v
HDL-1007 : analyze verilog file import/udp_data_tpg.v
HDL-1007 : analyze verilog file import/udp_echo_test.v
HDL-1007 : analyze verilog file import/UDP_Example_Top.v
HDL-1007 : undeclared symbol 'phy_reset', assumed default net type 'wire' in import/UDP_Example_Top.v(228)
HDL-1007 : analyze verilog file import/udp_img_send.v
HDL-1007 : analyze verilog file import/udp_ip_protocol_stack_merge.enc.v
HDL-1007 : back to file 'import/udp_ip_protocol_stack_merge.enc.v' in import/udp_ip_protocol_stack_merge.enc.v(56)
HDL-1007 : undeclared symbol '**', assumed default net type '**' in import/udp_ip_protocol_stack_merge.enc.v(2638)
HDL-1007 : back to file 'import/udp_ip_protocol_stack_merge.enc.v' in import/udp_ip_protocol_stack_merge.enc.v(420)
HDL-1007 : analyze verilog file import/udp_tx_arbiter.v
HDL-1007 : analyze verilog file import/udp_tx_simple.v
HDL-1007 : analyze verilog file import/sdr_as_ram.enc.v
HDL-1007 : back to file 'import/sdr_as_ram.enc.v' in import/sdr_as_ram.enc.v(45)
HDL-1007 : analyze verilog file import/sdr_init_ref.enc.v
HDL-1007 : analyze included file import/global_def.v in import/sdr_init_ref.enc.v(11)
HDL-1007 : back to file 'import/sdr_init_ref.enc.v' in import/sdr_init_ref.enc.v(11)
HDL-1007 : undeclared symbol '**', assumed default net type '**' in import/sdr_init_ref.enc.v(57)
HDL-1007 : back to file 'import/sdr_init_ref.enc.v' in import/sdr_init_ref.enc.v(149)
HDL-5007 WARNING: concatenation with an unsized literal will be treated as 32 bits in import/sdr_init_ref.enc.v(47)
HDL-1007 : analyze verilog file import/sdr_wrrd.enc.v
HDL-5007 WARNING: concatenation with an unsized literal will be treated as 32 bits in import/sdr_wrrd.enc.v(283)
HDL-1007 : back to file 'import/sdr_wrrd.enc.v' in import/sdr_wrrd.enc.v(19)
HDL-1007 : analyze verilog file import/udp_simple_send.v
HDL-1007 : analyze verilog file import/video_pll.v
HDL-1007 : undeclared symbol 'open', assumed default net type 'wire' in import/video_pll.v(70)
HDL-1007 : analyze VHDL file import/video_pll.vhd
HDL-1007 : analyze entity video_pll in import/video_pll.vhd(29)
HDL-1007 : analyze architecture rtl in import/video_pll.vhd(38)
HDL-1007 : analyze verilog file import/sdram_arbiter.v
HDL-1007 : analyze verilog file import/udp_mode_send.v
HDL-1007 : analyze verilog file import/udp2sdr.v
HDL-1007 : analyze verilog file import/video_delay.v
HDL-1007 : analyze verilog file import/video_timing_data.v
HDL-1007 : analyze VHDL file import/hdmi_tx.vhd
HDL-1007 : analyze entity hdmi_tx in import/hdmi_tx.vhd(11)
HDL-1007 : analyze architecture behavioral in import/hdmi_tx.vhd(33)
HDL-1007 : analyze verilog file import/color_bar.v
HDL-1007 : analyze included file import/video_define.v in import/color_bar.v(2)
HDL-1007 : back to file 'import/color_bar.v' in import/color_bar.v(2)
HDL-1007 : analyze VHDL file import/hdmi/enc_file/DVITransmitter.enc.vhd
HDL-1007 : analyze entity dvitransmitter in import/hdmi/enc_file/DVITransmitter.enc.vhd(13)
HDL-1007 : analyze architecture ** in import/hdmi/enc_file/DVITransmitter.enc.vhd(2)
HDL-1007 : analyze VHDL file import/hdmi/enc_file/SerializerN_1_lvds.enc.vhd
HDL-1007 : analyze entity ** in import/hdmi/enc_file/SerializerN_1_lvds.enc.vhd(12)
HDL-1007 : analyze architecture ** in import/hdmi/enc_file/SerializerN_1_lvds.enc.vhd(25)
HDL-1007 : analyze VHDL file import/hdmi/enc_file/SerializerN_1_lvds_dat.enc.vhd
HDL-1007 : analyze entity ** in import/hdmi/enc_file/SerializerN_1_lvds_dat.enc.vhd(14)
HDL-1007 : analyze architecture ** in import/hdmi/enc_file/SerializerN_1_lvds_dat.enc.vhd(28)
HDL-1007 : analyze VHDL file import/hdmi/enc_file/TMDSEncoder.enc.vhd
HDL-1007 : analyze entity ** in import/hdmi/enc_file/TMDSEncoder.enc.vhd(13)
HDL-1007 : analyze architecture ** in import/hdmi/enc_file/TMDSEncoder.enc.vhd(24)
HDL-1007 : analyze verilog file import/hdmi/enc_file/video_tpg_1080p.enc.v
HDL-1007 : back to file 'import/hdmi/enc_file/video_tpg_1080p.enc.v' in import/hdmi/enc_file/video_tpg_1080p.enc.v(1)
HDL-1007 : analyze verilog file import/hdmi/enc_file/video_tpg_800600.enc.v
HDL-1007 : back to file 'import/hdmi/enc_file/video_tpg_800600.enc.v' in import/hdmi/enc_file/video_tpg_800600.enc.v(1)
HDL-1007 : analyze verilog file import/hdmi/enc_file/video_tpg_1024768.enc.v
HDL-5007 WARNING: literal value ** truncated to fit in ** bits in import/hdmi/enc_file/video_tpg_1024768.enc.v(231)
HDL-1007 : back to file 'import/hdmi/enc_file/video_tpg_1024768.enc.v' in import/hdmi/enc_file/video_tpg_1024768.enc.v(1)
HDL-1007 : analyze verilog file import/hdmi/enc_file/video_tpg_1280800.enc.v
HDL-5007 WARNING: literal value ** truncated to fit in ** bits in import/hdmi/enc_file/video_tpg_1280800.enc.v(233)
HDL-1007 : back to file 'import/hdmi/enc_file/video_tpg_1280800.enc.v' in import/hdmi/enc_file/video_tpg_1280800.enc.v(1)
HDL-1007 : analyze verilog file import/hdmi/enc_file/video_tpg_12801024p.enc.v
HDL-1007 : back to file 'import/hdmi/enc_file/video_tpg_12801024p.enc.v' in import/hdmi/enc_file/video_tpg_12801024p.enc.v(1)
HDL-1007 : analyze verilog file import/hdmi/enc_file/video_tpg_16801050p.enc.v
HDL-1007 : back to file 'import/hdmi/enc_file/video_tpg_16801050p.enc.v' in import/hdmi/enc_file/video_tpg_16801050p.enc.v(1)
HDL-1007 : analyze verilog file import/udp_mode_tx.v
HDL-1007 : analyze verilog file import/udp_packet_to_sdram.v
PRJ-1412 : reset_run phy_1 syn_1.
PRJ-1409 : launch_runs syn_1 phy_1  -jobs 6.
PRJ-1410 : Run syn_1 success.
RUN-1002 : start command "save_best_bits"
PRJ-1424 : The implemented result of phy_1 is saved as best result.
PRJ-1410 : Run phy_1 success.
RUN-1002 : start command "import_db C:/Users/30545/Desktop/key34/prj/UDP_EXAMPLE/UDP_EXAMPLE_Runs/phy_1/UDP_EXAMPLE_pr.db"
RUN-1001 : Importing database generated by Tang Dynasty, V6.2.168116.
RUN-1001 : Database version number 46207
RUN-1001 : Import flow parameters
RUN-1001 : Import netlist
PHY-1001 : Generate detailed routing grids ...
PHY-1001 : End build routing graph; 0.573882s wall, 0.484375s user + 0.125000s system = 0.609375s CPU (106.2%)

PHY-1001 : Build lut bridge;  0.058176s wall, 0.046875s user + 0.000000s system = 0.046875s CPU (80.6%)

PHY-1001 : Generate nets ...
PHY-1001 : net clk_50_dup_1 will be routed on clock mesh
PHY-1001 : clock net temac_clk will be merged with clock u_clk_gen/u_pll_0/clk0_buf
PHY-1001 : net udp_clk will be routed on clock mesh
PHY-1001 : clock net cwc_jtck_syn_2 will be merged with clock cwc_jtck
PHY-1001 : clock net u_frame_rw/write_clk_syn_4 will be merged with clock u_frame_rw/write_clk
PHY-1001 : clock net u_frame_rw/read_clk_syn_4 will be merged with clock u_frame_rw/read_clk
PHY-1001 : clock net u4_trimac_block/rx_clk will be merged with clock phy1_rgmii_rx_clk_dup_1
PHY-1001 : clock net u_hdmi_tx/Inst_DVITransmitter/PCLK_I will be merged with clock u_video_pll/clk0_buf
PHY-1001 : net u_hdmi_tx/Inst_DVITransmitter/PCLK_X5_I will be routed on clock mesh
PHY-1001 : net u_sdram/u2_ram/SDRAM_CLK will be routed on clock mesh
PHY-1001 : clock net u_sd_card_bmp/bmp_read_m0/clk will be merged with clock u_sys_pll/clk0_buf
PHY-1001 : eco open net = 0
PHY-1001 : 235 feed throughs used by 196 nets
RUN-1001 : Import phy database
RUN-1001 : Import timing constraints
RUN-1001 : Import IO constraints
RUN-1001 : Import Inst constraints
RUN-1001 : Import ChipWatcher
RUN-1001 : Import design success TD_VERSION=6.2.168116 , DB_VERSION=46207
RUN-1003 : finish command "import_db C:/Users/30545/Desktop/key34/prj/UDP_EXAMPLE/UDP_EXAMPLE_Runs/phy_1/UDP_EXAMPLE_pr.db" in  3.360870s wall, 2.828125s user + 0.656250s system = 3.484375s CPU (103.7%)

RUN-1004 : used memory is 677 MB, reserved memory is 732 MB, peak memory is 830 MB
