============================================================
   Tang Dynasty, V6.2.168116
   Copyright (c) 2012-2025 Anlogic Inc.
   Executable = C:/Anlogic/TD_6.2.1_Engineer_6.2.168.116/bin/td.exe
   Built at =   16:32:07 Jun 12 2025
   Run by =     30545
   Run Date =   Sun Oct 12 21:49:03 2025

   Run on =     Ú‘¡˙16PRO
============================================================
RUN-1002 : start command "import_db C:/Users/30545/Desktop/HXEG420_lab_ex/lab_ex_6_tf_sdram_hdmi/pic_sdram_Runs/phy_1/pic_sdram_pr.db"
RUN-1001 : Importing database generated by Tang Dynasty, V6.2.168116.
RUN-1001 : Database version number 46207
RUN-1001 : Import flow parameters
RUN-1001 : Import netlist
PHY-1001 : Generate detailed routing grids ...
PHY-1001 : End build routing graph; 2.079522s wall, 2.000000s user + 0.234375s system = 2.234375s CPU (107.4%)

PHY-1001 : Build lut bridge;  0.038101s wall, 0.031250s user + 0.000000s system = 0.031250s CPU (82.0%)

PHY-1001 : Generate nets ...
PHY-1001 : net clk_dup_1 will be routed on clock mesh
PHY-1001 : net U3/u2_ram/SDRAM_CLK will be routed on clock mesh
PHY-1001 : net U3/u2_ram/u1_init_ref/Sdr_clk will be routed on clock mesh
PHY-1001 : clock net sd_card_bmp_m0/bmp_read_m0/clk will be merged with clock sys_pll_m0/clk0_buf
PHY-1001 : clock net u3_hdmi_tx/Inst_DVITransmitter/PCLK_I will be merged with clock video_pll_m0/clk0_buf
PHY-1001 : net u3_hdmi_tx/Inst_DVITransmitter/PCLK_X5_I will be routed on clock mesh
PHY-1001 : eco open net = 0
PHY-1001 : 33 feed throughs used by 18 nets
RUN-1001 : Import phy database
RUN-1001 : Import timing constraints
RUN-1001 : Import IO constraints
RUN-1001 : Import Inst constraints
RUN-1001 : Import ChipWatcher
RUN-1001 : Import design success TD_VERSION=6.2.168116 , DB_VERSION=46207
RUN-1003 : finish command "import_db C:/Users/30545/Desktop/HXEG420_lab_ex/lab_ex_6_tf_sdram_hdmi/pic_sdram_Runs/phy_1/pic_sdram_pr.db" in  2.569843s wall, 2.468750s user + 0.296875s system = 2.765625s CPU (107.6%)

RUN-1004 : used memory is 577 MB, reserved memory is 541 MB, peak memory is 645 MB
