============================================================
   Tang Dynasty, V6.2.168116
   Copyright (c) 2012-2025 Anlogic Inc.
   Executable = D:/Anlogic/TD_6.2.1_Engineer_6.2.168.116/bin/run.exe
   Built at =   16:32:07 Jun 12 2025
   Run by =     Administrator
   Run Date =   Sat Aug  9 20:33:00 2025

   Run on =     PC-20230215EHPW
============================================================
RUN-1002 : start command "import_device eagle_s20.db -package EG4S20BG256"
RUN-1001 : Using default speed grade: NA
ARC-1001 : Device Initialization.
ARC-1001 : ------------------------------------------------------------------
ARC-1001 :            OPTION            |          IO          |   SETTING   
ARC-1001 : ------------------------------------------------------------------
ARC-1001 :   cso_b/cclk/mosi/miso/dout  |  T3/R11/T10/P10/S11  |    gpio    
ARC-1001 :             done             |         P13          |    gpio    
ARC-1001 :           program_b          |          T2          |  dedicate  
ARC-1001 :        tdi/tms/tck/tdo       |   C12/A15/C14/E14    |  dedicate  
ARC-1001 : ------------------------------------------------------------------
ARC-1004 : Device setting, marked 5 dedicate IOs in total.
RUN-1002 : start command "open_project pic_sdram.prj -noanalyze"
RUN-1002 : start command "import_db ../syn_1/pic_sdram_gate.db"
RUN-1001 : Importing database generated by Tang Dynasty, V6.2.168116.
RUN-1001 : Database version number 46207
RUN-1001 : Import flow parameters
RUN-1001 : Import netlist
RUN-1001 : Import timing constraints
RUN-1001 : Import IO constraints
RUN-1001 : Import Inst constraints
RUN-1001 : Import ChipWatcher
RUN-1001 : Import design success TD_VERSION=6.2.168116 , DB_VERSION=46207
RUN-1002 : start command "commit_param -step place"
RUN-1001 : Print Global Property
RUN-1001 : --------------------------------------------------------
RUN-1001 :   Parameters   |  Settings  |  Default Values  |  Note  
RUN-1001 : --------------------------------------------------------
RUN-1001 :   enable_seed  |    off     |       off        |        
RUN-1001 :     message    |  standard  |     standard     |        
RUN-1001 :   qor_monitor  |     on     |        on        |        
RUN-1001 :   syn_ip_flow  |    off     |       off        |        
RUN-1001 :     thread     |    auto    |       auto       |        
RUN-1001 : --------------------------------------------------------
RUN-1001 : Print Place Property
RUN-1001 : -----------------------------------------------------------
RUN-1001 :     Parameters    |  Settings  |  Default Values  |  Note  
RUN-1001 : -----------------------------------------------------------
RUN-1001 :       effort      |   medium   |      medium      |        
RUN-1001 :   hfn_opt_effort  |   medium   |      medium      |        
RUN-1001 :     max_fanout    |   999999   |      999999      |        
RUN-1001 :     opt_timing    |   medium   |      medium      |        
RUN-1001 :   post_place_opt  |    auto    |       auto       |        
RUN-1001 :    pr_strategy    |     1      |        1         |        
RUN-1001 :     relaxation    |    1.00    |       1.00       |        
RUN-1001 : -----------------------------------------------------------
RUN-1002 : start command "insert_debugger"
RUN-1002 : start command "place"
RUN-1001 : Open license file D:/Anlogic/TD_6.2.1_Engineer_6.2.168.116/license/Anlogic.lic
PHY-3001 : Placer runs in 8 thread(s).
PHY-1001 : Stage 1 | Initialize Design
PHY-1001 : Stage 1.1 | Build Design
PHY-1001 : 984 luts, 1435 seqs, 209 mslices, 110 lslices, 98 pads, 4 brams, 0 dsps
RUN-1002 : start command "legalize_phy_inst"
SYN-1011 : Flatten model top
PHY-1001 : Remove keep and sweep redundant instances ...
PHY-1001 : 984 luts, 1435 seqs, 209 mslices, 110 lslices, 98 pads, 4 brams, 0 dsps
PHY-1001 : End Stage 1.1 | Build Design; Time: 0.016416s wall, 0.015625s user + 0.000000s system = 0.015625s CPU (95.2%); Memory(MB): used = 110, reserved = 124, peak = 110;

PHY-1001 : Stage 1.2 | Optimize Design
OPT-1001 : Stage 1.2.1 | Simplify Lut
OPT-1001 : End Stage 1.2.1 | Simplify Lut; Time: 0.002724s wall, 0.000000s user + 0.000000s system = 0.000000s CPU (n/a%); Memory(MB): used = 110, reserved = 124, peak = 110;

OPT-1001 : Stage 1.2.2 | Sweep
OPT-1001 : End Stage 1.2.2 | Sweep; Time: 0.001072s wall, 0.000000s user + 0.000000s system = 0.000000s CPU (n/a%); Memory(MB): used = 110, reserved = 124, peak = 110;

OPT-1001 : Stage 1.2.3 | Synthesize High-fanout Net
OPT-1001 : Current memory(MB): used = 110, reserved = 124, peak = 110.
OPT-1001 : End Stage 1.2.3 | Synthesize High-fanout Net; Time: 0.000028s wall, 0.000000s user + 0.000000s system = 0.000000s CPU (n/a%); Memory(MB): used = 110, reserved = 124, peak = 110;

OPT-1001 : End physical optimization;  0.003934s wall, 0.015625s user + 0.000000s system = 0.015625s CPU (397.2%)

PHY-1001 : End Stage 1.2 | Optimize Design; Time: 0.004059s wall, 0.015625s user + 0.000000s system = 0.015625s CPU (384.9%); Memory(MB): used = 110, reserved = 124, peak = 110;

PHY-1001 : Stage 1.3 | Initialize Clock
SYN-4016 : Net sd_card_bmp_m0/bmp_read_m0/clk driven by BUFG (442 clock/control pins, 1 other pins).
SYN-4016 : Net u3_hdmi_tx/Inst_DVITransmitter/PCLK_I driven by BUFG (315 clock/control pins, 1 other pins).
SYN-4027 : Net U3/u2_ram/u1_init_ref/Sdr_clk is clkc1 of pll sys_pll_m0/pll_inst.
SYN-4027 : Net U3/u2_ram/SDRAM_CLK is clkc2 of pll sys_pll_m0/pll_inst.
SYN-4019 : Net clk_dup_1 is refclk of pll sys_pll_m0/pll_inst.
SYN-4020 : Net clk_dup_1 is fbclk of pll sys_pll_m0/pll_inst.
SYN-4027 : Net u3_hdmi_tx/Inst_DVITransmitter/PCLK_X5_I is clkc1 of pll video_pll_m0/pll_inst.
SYN-4019 : Net clk_dup_1 is refclk of pll video_pll_m0/pll_inst.
SYN-4020 : Net clk_dup_1 is fbclk of pll video_pll_m0/pll_inst.
SYN-4025 : Tag rtl::Net U3/u2_ram/SDRAM_CLK as clock net
SYN-4025 : Tag rtl::Net U3/u2_ram/u1_init_ref/Sdr_clk as clock net
SYN-4025 : Tag rtl::Net clk_dup_1 as clock net
SYN-4025 : Tag rtl::Net sd_card_bmp_m0/bmp_read_m0/clk as clock net
SYN-4025 : Tag rtl::Net u3_hdmi_tx/Inst_DVITransmitter/PCLK_I as clock net
SYN-4025 : Tag rtl::Net u3_hdmi_tx/Inst_DVITransmitter/PCLK_X5_I as clock net
SYN-4026 : Tagged 6 rtl::Net as clock net
PHY-1001 : Populate physical database on model top.
RUN-1001 : There are total 2847 instances
RUN-0007 : 983 luts, 1435 seqs, 209 mslices, 110 lslices, 98 pads, 4 brams, 0 dsps
RUN-1001 : There are total 3342 nets
RUN-1001 : 2511 nets have 2 pins
RUN-1001 : 603 nets have [3 - 5] pins
RUN-1001 : 152 nets have [6 - 10] pins
RUN-1001 : 41 nets have [11 - 20] pins
RUN-1001 : 29 nets have [21 - 99] pins
RUN-1001 : 6 nets have 100+ pins
PHY-1001 : End Stage 1.3 | Initialize Clock; Time: 0.005604s wall, 0.000000s user + 0.000000s system = 0.000000s CPU (n/a%); Memory(MB): used = 111, reserved = 124, peak = 111;

PHY-1001 : End Stage 1 | Initialize Design; Time: 0.029036s wall, 0.031250s user + 0.000000s system = 0.031250s CPU (107.6%); Memory(MB): used = 111, reserved = 124, peak = 111;

PHY-1001 : Stage 2 | Global Placement
RUN-1001 : Report Control nets information:
RUN-1001 : DFF Distribution
RUN-1001 : -------------------------------------
RUN-1001 :   CE   |  SSR  |  ASR  |  DFF Count  
RUN-1001 : -------------------------------------
RUN-1001 :   No   |  No   |  No   |     494     
RUN-1001 :   No   |  No   |  Yes  |     416     
RUN-1001 :   No   |  Yes  |  No   |     80      
RUN-1001 :   Yes  |  No   |  No   |     25      
RUN-1001 :   Yes  |  No   |  Yes  |     382     
RUN-1001 :   Yes  |  Yes  |  No   |     38      
RUN-1001 : -------------------------------------
RUN-1001 : Control Group Statistic
RUN-1001 : -----------------------------
RUN-1001 :   #CLK  |  #CE  |  #SSR/ASR  
RUN-1001 : -----------------------------
RUN-1001 :    5    |  38   |     10     
RUN-1001 : -----------------------------
RUN-0007 : Control Set = 54
PHY-1001 : Stage 2.1 | Place Fixed Instances
PHY-1001 : End Stage 2.1 | Place Fixed Instances; Time: 0.012237s wall, 0.015625s user + 0.000000s system = 0.015625s CPU (127.7%); Memory(MB): used = 112, reserved = 124, peak = 112;

PHY-1001 : Stage 2.2 | Pre-Place DRC Check
PHY-1001 : Stage 2.2.1 | Force Route Constraint Check
PHY-1001 : Check Pass.
PHY-1001 : End Stage 2.2.1 | Force Route Constraint Check; Time: 0.000287s wall, 0.000000s user + 0.000000s system = 0.000000s CPU (n/a%); Memory(MB): used = 112, reserved = 124, peak = 112;

PHY-1001 : End Stage 2.2 | Pre-Place DRC Check; Time: 0.000317s wall, 0.000000s user + 0.000000s system = 0.000000s CPU (n/a%); Memory(MB): used = 112, reserved = 124, peak = 112;

PHY-1001 : Stage 2.3 | Global Placement Step 1
PHY-3001 : Target density is 80%
PHY-1001 : Stage 2.3.1 | Update Timing
RUN-1002 : start command "start_timer"
USR-6136 CRITICAL-WARNING: 'derive_pll_clocks' is obsolete. Please use 'derive_clocks' instead, which handles more types of clock deriving resources. 
Launching timing wizard will update this command automatically.
USR-1002 : Derived clock:  create_generated_clock -name {sys_pll_m0/pll_inst.clkc[0]} -source [get_ports {clk}] -master_clock {clk} -multiply_by 2.0000 -duty_cycle 50.0000 [get_pins {sys_pll_m0/pll_inst.clkc[0]}]
USR-1002 : Derived clock:  create_generated_clock -name {sys_pll_m0/pll_inst.clkc[1]} -source [get_ports {clk}] -master_clock {clk} -multiply_by 2.5000 -duty_cycle 50.0000 [get_pins {sys_pll_m0/pll_inst.clkc[1]}]
USR-1002 : Derived clock:  create_generated_clock -name {sys_pll_m0/pll_inst.clkc[2]} -source [get_ports {clk}] -master_clock {clk} -multiply_by 2.5000 -phase 180 -duty_cycle 50.0000 [get_pins {sys_pll_m0/pll_inst.clkc[2]}]
USR-1002 : Derived clock:  create_generated_clock -name {video_pll_m0/pll_inst.clkc[0]} -source [get_ports {clk}] -master_clock {clk} -divide_by 2.0000 -duty_cycle 50.0000 [get_pins {video_pll_m0/pll_inst.clkc[0]}]
USR-1002 : Derived clock:  create_generated_clock -name {video_pll_m0/pll_inst.clkc[1]} -source [get_ports {clk}] -master_clock {clk} -multiply_by 2.5000 -duty_cycle 50.0000 [get_pins {video_pll_m0/pll_inst.clkc[1]}]
8.000000
40.000000
10.000000
8.000000
TMR-2502 : Net delay update with mode: Synthesized
PHY-1001 : SWNS: -5291, STNS: -266245, FEP: 87
PHY-1001 : End Stage 2.3.1 | Update Timing; Time: 0.355571s wall, 0.343750s user + 0.015625s system = 0.359375s CPU (101.1%); Memory(MB): used = 135, reserved = 131, peak = 135;

PHY-0007 : Cell area utilization is 8%
PHY-3001 : Clustering ...
PHY-3001 : End clustering;  0.000015s wall, 0.000000s user + 0.000000s system = 0.000000s CPU (n/a%)

PHY-3001 : Target density is 80%
PHY-1001 : Stage 2.3.2 | GP Iteration
PHY-1001 : End Stage 2.3.2 | GP Iteration; Time: 0.101353s wall, 0.500000s user + 0.015625s system = 0.515625s CPU (508.7%); Memory(MB): used = 136, reserved = 132, peak = 136;

PHY-3001 : Multithread accelerating rate: 5.03
TMR-2502 : Net delay update with mode: Placed
PHY-3001 : No need to merge 9x9 Dsps.
PHY-1001 : Populate physical database on model top.
PHY-1001 : End Stage 2.3 | Global Placement Step 1; Time: 0.561881s wall, 0.937500s user + 0.031250s system = 0.968750s CPU (172.4%); Memory(MB): used = 137, reserved = 132, peak = 137;

PHY-1001 : Stage 2.4 | RAM/DSP Legalization and Detailed Placement
PHY-1001 : Stage 2.4.1 | Legalization
PHY-3001 : Before Legalized: Len = 187469
PHY-3001 : After Legalized: Len = 186353, Over = 0
PHY-1001 : End Stage 2.4.1 | Legalization; Time: 0.090018s wall, 0.078125s user + 0.000000s system = 0.078125s CPU (86.8%); Memory(MB): used = 137, reserved = 132, peak = 137;

PHY-1001 : End Stage 2.4 | RAM/DSP Legalization and Detailed Placement; Time: 0.090183s wall, 0.078125s user + 0.000000s system = 0.078125s CPU (86.6%); Memory(MB): used = 137, reserved = 132, peak = 137;

PHY-1001 : Stage 2.5 | Global Placement Step 2
PHY-3001 : Target density is 80%
PHY-1001 : Stage 2.5.1 | Update Timing
PHY-1001 : SWNS: -7993, STNS: -296700, FEP: 80
PHY-1001 : End Stage 2.5.1 | Update Timing; Time: 0.007549s wall, 0.000000s user + 0.000000s system = 0.000000s CPU (n/a%); Memory(MB): used = 137, reserved = 132, peak = 137;

PHY-1001 : Stage 2.5.2 | GP Iteration
PHY-1001 : End Stage 2.5.2 | GP Iteration; Time: 0.450264s wall, 1.468750s user + 0.046875s system = 1.515625s CPU (336.6%); Memory(MB): used = 137, reserved = 133, peak = 137;

PHY-3001 : Multithread accelerating rate: 3.36
PHY-3001 : Low accelerating rate: 3.36. This may happen when it is heavy-loaded.
PHY-1001 : End Stage 2.5 | Global Placement Step 2; Time: 0.548397s wall, 1.562500s user + 0.046875s system = 1.609375s CPU (293.5%); Memory(MB): used = 137, reserved = 133, peak = 137;

PHY-1001 : Stage 2.6 | RAM/DSP Detailed Placement
PHY-1001 : End Stage 2.6 | RAM/DSP Detailed Placement; Time: 0.001112s wall, 0.000000s user + 0.000000s system = 0.000000s CPU (n/a%); Memory(MB): used = 137, reserved = 133, peak = 137;

PHY-1001 : Stage 2.7 | Optimize Design
OPT-1001 : Start physical optimization ...
OPT-1001 : Total overflow 135.44 peak overflow 4.50
OPT-1001 : Stage 2.7.1 | Synthesize High-fanout Net
OPT-1001 : Start high-fanout net optimization in pre-pack flow with medium effort ...
OPT-1001 : Update timing in Manhattan mode
OPT-1001 : End timing update;  0.086615s wall, 0.078125s user + 0.000000s system = 0.078125s CPU (90.2%)

OPT-1001 : Start: SWNS -7593 STNS -295460 NUM_FEPS 80
OPT-1001 : Total overflow 135.44 peak overflow 4.50
PHY-1001 : Populate physical database on model top.
OPT-1001 : 0 high-fanout net processed.
OPT-1001 : Total overflow 135.44 peak overflow 4.50
RUN-1001 : HFN opt statistic
RUN-1001 : ------------------------------------------------------
RUN-1001 :   DriverCell type  |  HFN count  |  Duplicated count  
RUN-1001 : ------------------------------------------------------
RUN-1001 :         REG        |      0      |         0          
RUN-1001 :        LUT6        |      0      |         0          
RUN-1001 :        LUT5        |      0      |         0          
RUN-1001 :        LUT4        |      0      |         0          
RUN-1001 :        LUT3        |      0      |         0          
RUN-1001 :        LUT2        |      0      |         0          
RUN-1001 :        TOTAL       |      0      |         0          
RUN-1001 : ------------------------------------------------------
OPT-1001 : End high-fanout net optimization;  0.109856s wall, 0.109375s user + 0.000000s system = 0.109375s CPU (99.6%)

OPT-1001 : Current memory(MB): used = 137, reserved = 133, peak = 137.
OPT-1001 : End Stage 2.7.1 | Synthesize High-fanout Net; Time: 0.118430s wall, 0.109375s user + 0.000000s system = 0.109375s CPU (92.4%); Memory(MB): used = 137, reserved = 133, peak = 137;

OPT-1001 : Stage 2.7.2 | Global Optimization
OPT-1001 : Start global optimization ...
OPT-0007 : Start: SWNS -7593 STNS -295460 NUM_FEPS 80
OPT-1001 : Start congestion update ...
RUN-1001 : Generating global routing grids ...
RUN-1001 : Building simple global routing graph ...
PHY-1001 : Generate routing nets ...
PHY-1001 : Reuse net number 0/2490.
PHY-1001 : Global iterations in 8 thread ...
PHY-1002 : len = 106024, over cnt = 217(0%), over = 496, worst = 8
PHY-1002 : len = 108312, over cnt = 152(0%), over = 275, worst = 7
PHY-1002 : len = 110832, over cnt = 53(0%), over = 82, worst = 6
PHY-1002 : len = 111552, over cnt = 22(0%), over = 36, worst = 6
PHY-1002 : len = 111928, over cnt = 0(0%), over = 0, worst = 0
PHY-1001 : End global iterations;  0.222166s wall, 0.218750s user + 0.000000s system = 0.218750s CPU (98.5%)

PHY-1001 : Congestion index:
PHY-1001 : top1  = 33.32(S 46.81, N 45.43, E 33.71, W 40.86, I 0.00, O 0.00)
PHY-1001 : top5  = 24.90(S 32.02, N 32.96, E 23.25, W 27.69, I 0.00, O 0.00)
PHY-1001 : top10 = 19.56(S 24.05, N 24.86, E 17.73, W 20.19, I 0.00, O 0.00)
PHY-1001 : top15 = 15.98(S 19.15, N 20.15, E 14.41, W 16.10, I 0.00, O 0.00)
OPT-1001 : End congestion update;  0.278875s wall, 0.250000s user + 0.015625s system = 0.265625s CPU (95.2%)

OPT-0007 : Iter 1: improved SWNS -7593 STNS -295460 NUM_FEPS 80 with 5 cells processed and 100 slack improved
OPT-0007 : Iter 2: improved SWNS -7593 STNS -295460 NUM_FEPS 80 with 1 cells processed and 0 slack improved
OPT-1001 : Overall commit ratio 1.00
OPT-1001 : End global optimization;  0.286643s wall, 0.281250s user + 0.015625s system = 0.296875s CPU (103.6%)

OPT-1001 : Current memory(MB): used = 161, reserved = 156, peak = 161.
OPT-1001 : End Stage 2.7.2 | Global Optimization; Time: 0.317968s wall, 0.312500s user + 0.015625s system = 0.328125s CPU (103.2%); Memory(MB): used = 161, reserved = 156, peak = 161;

OPT-0007 : End flow prepack: SWNS -7593 STNS -295460 NUM_FEPS 80
OPT-1001 : End physical optimization;  0.440947s wall, 0.421875s user + 0.015625s system = 0.437500s CPU (99.2%)

PHY-1001 : End Stage 2.7 | Optimize Design; Time: 0.441144s wall, 0.421875s user + 0.015625s system = 0.437500s CPU (99.2%); Memory(MB): used = 161, reserved = 156, peak = 161;

PHY-1001 : Stage 2.8 | Place Packing
PHY-1001 : Stage 2.8.1 | Packing
SYN-4007 : Packing 0 MUX to BLE ...
SYN-4008 : Packed 0 MUX and 0 SEQ to BLE.
SYN-4007 : Packing 983 LUT to BLE ...
SYN-4008 : Packed 983 LUT and 681 SEQ to BLE.
SYN-4003 : Packing 754 remaining SEQ's ...
SYN-4005 : Packed 194 SEQ with LUT/SLICE
SYN-4006 : 155 single LUT's are left
SYN-4006 : 560 single SEQ's are left
SYN-4011 : Packing model "top" (AL_USER_NORMAL) with 1543/1972 primitive instances ...
PHY-1001 : Populate physical database on model top.
RUN-1001 : There are total 1285 instances
RUN-1001 : 587 mslices, 588 lslices, 98 pads, 4 brams, 0 dsps
RUN-1001 : There are total 2740 nets
RUN-1001 : 1947 nets have 2 pins
RUN-1001 : 560 nets have [3 - 5] pins
RUN-1001 : 164 nets have [6 - 10] pins
RUN-1001 : 40 nets have [11 - 20] pins
RUN-1001 : 23 nets have [21 - 99] pins
RUN-1001 : 6 nets have 100+ pins
PHY-3001 : Target density is 80%
RUN-1002 : start command "start_timer"
USR-6136 CRITICAL-WARNING: 'derive_pll_clocks' is obsolete. Please use 'derive_clocks' instead, which handles more types of clock deriving resources. 
Launching timing wizard will update this command automatically.
USR-1002 : Derived clock:  create_generated_clock -name {sys_pll_m0/pll_inst.clkc[0]} -source [get_ports {clk}] -master_clock {clk} -multiply_by 2.0000 -duty_cycle 50.0000 [get_pins {sys_pll_m0/pll_inst.clkc[0]}]
USR-1002 : Derived clock:  create_generated_clock -name {sys_pll_m0/pll_inst.clkc[1]} -source [get_ports {clk}] -master_clock {clk} -multiply_by 2.5000 -duty_cycle 50.0000 [get_pins {sys_pll_m0/pll_inst.clkc[1]}]
USR-1002 : Derived clock:  create_generated_clock -name {sys_pll_m0/pll_inst.clkc[2]} -source [get_ports {clk}] -master_clock {clk} -multiply_by 2.5000 -phase 180 -duty_cycle 50.0000 [get_pins {sys_pll_m0/pll_inst.clkc[2]}]
USR-1002 : Derived clock:  create_generated_clock -name {video_pll_m0/pll_inst.clkc[0]} -source [get_ports {clk}] -master_clock {clk} -divide_by 2.0000 -duty_cycle 50.0000 [get_pins {video_pll_m0/pll_inst.clkc[0]}]
USR-1002 : Derived clock:  create_generated_clock -name {video_pll_m0/pll_inst.clkc[1]} -source [get_ports {clk}] -master_clock {clk} -multiply_by 2.5000 -duty_cycle 50.0000 [get_pins {video_pll_m0/pll_inst.clkc[1]}]
8.000000
40.000000
10.000000
8.000000
PHY-1001 : End Stage 2.8.1 | Packing; Time: 0.496166s wall, 0.484375s user + 0.000000s system = 0.484375s CPU (97.6%); Memory(MB): used = 166, reserved = 160, peak = 166;

PHY-1001 : Stage 2.8.2 | Post Pack GP
PHY-3001 : Target density is 80%
PHY-3001 : Cell area utilization is 15%
PHY-3001 : After packing: Len = 97851.6, Over = 63
PHY-3001 : Target density is 80%
PHY-1001 : Stage 2.8.2.1 | Update Timing
PHY-1001 : SWNS: -7543, STNS: -295160, FEP: 80
PHY-1001 : End Stage 2.8.2.1 | Update Timing; Time: 0.007005s wall, 0.000000s user + 0.000000s system = 0.000000s CPU (n/a%); Memory(MB): used = 167, reserved = 161, peak = 167;

PHY-1001 : Stage 2.8.2.2 | GP Iteration
PHY-1001 : End Stage 2.8.2.2 | GP Iteration; Time: 0.141694s wall, 0.500000s user + 0.015625s system = 0.515625s CPU (363.9%); Memory(MB): used = 167, reserved = 161, peak = 167;

PHY-3001 : Multithread accelerating rate: 3.62
PHY-3001 : Low accelerating rate: 3.62. This may happen when it is heavy-loaded.
PHY-1001 : End Stage 2.8.2 | Post Pack GP; Time: 0.152294s wall, 0.500000s user + 0.015625s system = 0.515625s CPU (338.6%); Memory(MB): used = 167, reserved = 161, peak = 167;

PHY-1001 : End Stage 2.8 | Place Packing; Time: 0.648559s wall, 0.984375s user + 0.015625s system = 1.000000s CPU (154.2%); Memory(MB): used = 167, reserved = 161, peak = 167;

PHY-1001 : Stage 2.9 | Legalization
PHY-3001 : Before Legalized: Len = 92883.9
PHY-3001 : After Legalized: Len = 107712, Over = 0
PHY-1001 : End Stage 2.9 | Legalization; Time: 0.005249s wall, 0.015625s user + 0.000000s system = 0.015625s CPU (297.7%); Memory(MB): used = 167, reserved = 161, peak = 167;

PHY-1001 : Stage 2.10 | Global Placement Step 3
PHY-3001 : Target density is 80%
PHY-1001 : Stage 2.10.1 | Update Timing
PHY-1001 : SWNS: -7543, STNS: -294860, FEP: 80
PHY-1001 : End Stage 2.10.1 | Update Timing; Time: 0.079305s wall, 0.078125s user + 0.000000s system = 0.078125s CPU (98.5%); Memory(MB): used = 167, reserved = 161, peak = 167;

PHY-1001 : Stage 2.10.2 | GP Iteration
PHY-1001 : End Stage 2.10.2 | GP Iteration; Time: 0.050618s wall, 0.250000s user + 0.015625s system = 0.265625s CPU (524.8%); Memory(MB): used = 167, reserved = 161, peak = 167;

PHY-3001 : Multithread accelerating rate: 5.15
PHY-1001 : End Stage 2.10 | Global Placement Step 3; Time: 0.132003s wall, 0.328125s user + 0.015625s system = 0.343750s CPU (260.4%); Memory(MB): used = 167, reserved = 161, peak = 167;

PHY-1001 : Stage 2.11 | Final Legalization
PHY-3001 : Before Legalized: Len = 90845.9
PHY-3001 : After Legalized: Len = 98501.5, Over = 0
PHY-1001 : End Stage 2.11 | Final Legalization; Time: 0.004632s wall, 0.015625s user + 0.000000s system = 0.015625s CPU (337.4%); Memory(MB): used = 167, reserved = 161, peak = 167;

PHY-1001 : End Stage 2 | Global Placement; Time: 2.453389s wall, 4.375000s user + 0.125000s system = 4.500000s CPU (183.4%); Memory(MB): used = 167, reserved = 161, peak = 167;

PHY-1001 : Stage 3 | Detailed Placement
PHY-1001 : Stage 3.1 | SLICE Detailed Placement
PHY-1001 : Stage 3.1.1 | Spreading
PHY-3001 : Spreading special nets. 23 overflows in 2952 tiles.
PHY-3001 : End spreading;  0.004370s wall, 0.000000s user + 0.000000s system = 0.000000s CPU (n/a%)

PHY-1001 : End Stage 3.1.1 | Spreading; Time: 0.004421s wall, 0.000000s user + 0.000000s system = 0.000000s CPU (n/a%); Memory(MB): used = 168, reserved = 162, peak = 168;

PHY-3001 : Final: Len = 98873.5, Over = 0
PHY-1001 : End Stage 3.1 | SLICE Detailed Placement; Time: 0.086626s wall, 0.078125s user + 0.000000s system = 0.078125s CPU (90.2%); Memory(MB): used = 168, reserved = 162, peak = 168;

PHY-3001 : BANK 5 DIFFRESISTOR:NONE VOD:350M VCM:1.2
PHY-3001 : End Detailed Place; 
PHY-1001 : Stage 3.2 | Optimize Design
OPT-1001 : Start physical optimization ...
OPT-1001 : Total overflow 0.00 peak overflow 0.00
OPT-1001 : Stage 3.2.1 | Physical Optimization
OPT-1001 : Start high-fanout net optimization in optimize equivalent flow with medium effort ...
OPT-1001 : Clean unloaded insts before merging registers
PHY-1001 : Populate physical database on model top.
PHY-1001 : Populate physical database on model top.
OPT-1001 : Total overflow 0.00 peak overflow 0.00
OPT-1001 : End optimize duplicated nets. Total 0 instances are merged and 0 sinks are reconnected,  0.013081s wall, 0.000000s user + 0.000000s system = 0.000000s CPU (n/a%)

OPT-1001 : End high-fanout net optimization;  0.013191s wall, 0.015625s user + 0.000000s system = 0.015625s CPU (118.5%)

OPT-1001 : Update timing in Manhattan mode
RUN-1002 : start command "start_timer"
OPT-1001 : End timing update;  0.301142s wall, 0.296875s user + 0.000000s system = 0.296875s CPU (98.6%)

OPT-1001 : Current memory(MB): used = 168, reserved = 162, peak = 168.
OPT-1001 : End Stage 3.2.1 | Physical Optimization; Time: 0.322317s wall, 0.312500s user + 0.000000s system = 0.312500s CPU (97.0%); Memory(MB): used = 168, reserved = 162, peak = 168;

OPT-1001 : Stage 3.2.2 | Synthesize High-fanout Net
OPT-1001 : Start high-fanout net optimization in post-pack flow with medium effort ...
OPT-1001 : Start: SWNS -7493 STNS -294860 NUM_FEPS 80
OPT-1001 : Total overflow 0.00 peak overflow 0.00
PHY-1001 : Populate physical database on model top.
OPT-1001 : 0 high-fanout net processed.
OPT-1001 : Total overflow 0.00 peak overflow 0.00
RUN-1001 : HFN opt statistic
RUN-1001 : ------------------------------------------------------
RUN-1001 :   DriverCell type  |  HFN count  |  Duplicated count  
RUN-1001 : ------------------------------------------------------
RUN-1001 :       LSLICE       |      0      |         0          
RUN-1001 :       MSLICE       |      0      |         0          
RUN-1001 :        TOTAL       |      0      |         0          
RUN-1001 : ------------------------------------------------------
OPT-1001 : End high-fanout net optimization;  0.023545s wall, 0.031250s user + 0.000000s system = 0.031250s CPU (132.7%)

OPT-1001 : Current memory(MB): used = 168, reserved = 162, peak = 168.
OPT-1001 : End Stage 3.2.2 | Synthesize High-fanout Net; Time: 0.032058s wall, 0.031250s user + 0.000000s system = 0.031250s CPU (97.5%); Memory(MB): used = 168, reserved = 162, peak = 168;

OPT-1001 : Stage 3.2.3 | Optimize Path
OPT-1001 : Start path based optimization ...
OPT-0007 : Start: SWNS -7493 STNS -294860 NUM_FEPS 80 with mode 0
OPT-1001 : Start congestion update ...
RUN-1001 : Generating global routing grids ...
PHY-1001 : Generate routing nets ...
PHY-1001 : Reuse net number 44/2290.
PHY-1001 : Global iterations in 8 thread ...
PHY-1002 : len = 111032, over cnt = 196(0%), over = 308, worst = 5
PHY-1002 : len = 112392, over cnt = 141(0%), over = 199, worst = 4
PHY-1002 : len = 113848, over cnt = 54(0%), over = 73, worst = 4
PHY-1002 : len = 114640, over cnt = 0(0%), over = 0, worst = 0
PHY-1001 : End global iterations;  0.205174s wall, 0.203125s user + 0.000000s system = 0.203125s CPU (99.0%)

PHY-1001 : Congestion index:
PHY-1001 : top1  = 28.25(S 41.12, N 39.57, E 31.47, W 32.84, I 0.00, O 0.00)
PHY-1001 : top5  = 22.81(S 29.29, N 28.67, E 22.86, W 25.22, I 0.00, O 0.00)
PHY-1001 : top10 = 19.12(S 22.75, N 23.04, E 18.44, W 20.53, I 0.00, O 0.00)
PHY-1001 : top15 = 16.24(S 18.60, N 19.19, E 15.40, W 17.05, I 0.00, O 0.00)
OPT-1001 : End congestion update;  0.242486s wall, 0.250000s user + 0.000000s system = 0.250000s CPU (103.1%)

PHY-3001 : Start incremental legalization ...
PHY-1001 : Populate physical database on model top.
PHY-7002 CRITICAL-WARNING: Instance U3/sdram location (12, 12) is not honored. Cell's initial location is not legal at the beginning of ECO placement, and will be moved during placement. Please verify user location constraints through the adc file.
PHY-3001 : Target density is 80%
PHY-3001 : Target density is 80%
PHY-3001 : Initial: Len = 99640.6, Over = 0
PHY-3001 : End spreading;  0.003758s wall, 0.015625s user + 0.000000s system = 0.015625s CPU (415.8%)

PHY-3001 : Final: Len = 99640.6, Over = 0
PHY-3001 : End incremental legalization;  0.033090s wall, 0.031250s user + 0.000000s system = 0.031250s CPU (94.4%)

OPT-0007 : Iter 1: improved SWNS -7493 STNS -294860 NUM_FEPS 80 with 6(528) cells and 315(315) paths processed with 1450 slack improved, crit_thod: 1775 ratio: 1.00(6/6) rt: 0.1s
OPT-0007 : Iter 2: improved SWNS -7493 STNS -294860 NUM_FEPS 80 with 0(0) cells and 0(0) paths processed with 0 slack improved, crit_thod: 1824 ratio: -1.00(0/0) rt: 0.0s
OPT-1001 : End path based optimization;  0.326184s wall, 0.328125s user + 0.000000s system = 0.328125s CPU (100.6%)

OPT-1001 : Update timing in Manhattan mode
OPT-1001 : End timing update;  0.081914s wall, 0.093750s user + 0.000000s system = 0.093750s CPU (114.4%)

OPT-1001 : Current memory(MB): used = 171, reserved = 165, peak = 171.
OPT-1001 : End Stage 3.2.3 | Optimize Path; Time: 0.416323s wall, 0.421875s user + 0.000000s system = 0.421875s CPU (101.3%); Memory(MB): used = 171, reserved = 165, peak = 171;

OPT-1001 : Stage 3.2.4 | Optimize Duplicated Nets
OPT-1001 : Start: WNS -6693 TNS -294560 NUM_FEPS 80
OPT-1001 : Clean unloaded insts before merging registers
PHY-1001 : Populate physical database on model top.
PHY-1001 : Populate physical database on model top.
OPT-1001 : Total overflow 0.00 peak overflow 0.00
OPT-1001 : End optimize duplicated nets. Total 0 instances are merged and 0 sinks are reconnected,  0.023954s wall, 0.031250s user + 0.000000s system = 0.031250s CPU (130.5%)

OPT-1001 : Update timing in Manhattan mode
RUN-1002 : start command "start_timer"
OPT-1001 : End timing update;  0.280432s wall, 0.265625s user + 0.000000s system = 0.265625s CPU (94.7%)

OPT-1001 : Current memory(MB): used = 171, reserved = 165, peak = 171.
OPT-1001 : End Stage 3.2.4 | Optimize Duplicated Nets; Time: 0.312694s wall, 0.312500s user + 0.000000s system = 0.312500s CPU (99.9%); Memory(MB): used = 171, reserved = 165, peak = 171;

OPT-1001 : Stage 3.2.5 | Swap Pins
OPT-1001 : Start pin optimization...
OPT-1001 : skip pin optimization...
OPT-1001 : Current memory(MB): used = 171, reserved = 165, peak = 171.
OPT-1001 : End Stage 3.2.5 | Swap Pins; Time: 0.008420s wall, 0.015625s user + 0.000000s system = 0.015625s CPU (185.6%); Memory(MB): used = 171, reserved = 165, peak = 171;

OPT-0007 : End flow postpack: SWNS -6693 STNS -294560 NUM_FEPS 80
RUN-1001 : Generating global routing grids ...
PHY-1001 : Generate routing nets ...
PHY-1001 : Reuse net number 2279/2291.
PHY-1001 : Global iterations in 8 thread ...
PHY-1002 : len = 115600, over cnt = 3(0%), over = 5, worst = 3
PHY-1002 : len = 115672, over cnt = 2(0%), over = 2, worst = 1
PHY-1002 : len = 115704, over cnt = 0(0%), over = 0, worst = 0
PHY-1001 : End global iterations;  0.015196s wall, 0.015625s user + 0.000000s system = 0.015625s CPU (102.8%)

PHY-1001 : Congestion index:
PHY-1001 : top1  = 28.25(S 40.60, N 39.57, E 31.90, W 33.10, I 0.00, O 0.00)
PHY-1001 : top5  = 22.87(S 29.15, N 28.66, E 22.98, W 25.34, I 0.00, O 0.00)
PHY-1001 : top10 = 19.17(S 22.71, N 23.10, E 18.55, W 20.63, I 0.00, O 0.00)
PHY-1001 : top15 = 16.30(S 18.61, N 19.19, E 15.47, W 17.13, I 0.00, O 0.00)
RUN-1001 : QoR Analysis:
OPT-0007 :   SWNS -6693 STNS -294560 NUM_FEPS 80
RUN-1001 :   No local congestion issue, and most congested 1% tile average routing util is 27.758621
RUN-1001 :   Top critical paths
RUN-1001 :       #1 path slack -6693ps with logic level 2 
RUN-1001 :       #2 path slack -6693ps with logic level 2 
RUN-1001 :       #3 path slack -6693ps with logic level 2 
RUN-1001 :       #4 path slack -6693ps with logic level 2 
RUN-1001 :       #5 path slack -6593ps with logic level 2 
RUN-1001 :       #6 path slack -6593ps with logic level 2 
RUN-1001 :   0 HFN exist on timing critical paths out of 2740 nets
RUN-1001 :   0 long nets exist on timing critical paths out of 2740 nets
OPT-1001 : End physical optimization;  1.156348s wall, 1.156250s user + 0.000000s system = 1.156250s CPU (100.0%)

PHY-1001 : End Stage 3.2 | Optimize Design; Time: 1.156404s wall, 1.156250s user + 0.000000s system = 1.156250s CPU (100.0%); Memory(MB): used = 171, reserved = 165, peak = 171;

PHY-1001 : End Stage 3 | Detailed Placement; Time: 1.245352s wall, 1.250000s user + 0.000000s system = 1.250000s CPU (100.4%); Memory(MB): used = 171, reserved = 165, peak = 171;

PHY-1001 : Stage 4 | Optimize Design
PHY-3001 : Start incremental legalization ...
PHY-1001 : Populate physical database on model top.
PHY-7002 CRITICAL-WARNING: Instance U3/sdram location (164, 288) is not honored. Cell's initial location is not legal at the beginning of ECO placement, and will be moved during placement. Please verify user location constraints through the adc file.
PHY-3001 : Target density is 80%
PHY-3001 : Target density is 80%
PHY-3001 : Initial: Len = 99640.6, Over = 0
PHY-1001 : Stage 4.1 | Spreading
PHY-3001 : End spreading;  0.003975s wall, 0.000000s user + 0.000000s system = 0.000000s CPU (n/a%)

PHY-1001 : End Stage 4.1 | Spreading; Time: 0.004094s wall, 0.000000s user + 0.000000s system = 0.000000s CPU (n/a%); Memory(MB): used = 172, reserved = 165, peak = 172;

PHY-3001 : Final: Len = 99640.6, Over = 0
PHY-3001 : End incremental legalization;  0.035344s wall, 0.031250s user + 0.000000s system = 0.031250s CPU (88.4%)

RUN-1002 : start command "report_qor -step place -file place.qor"
RUN-1002 : start command "start_timer"
RUN-1001 : Generating global routing grids ...
-----------------------------------------------------------
| QoR metrics               |         value               |
-----------------------------------------------------------
| Timing                    |                             |
|     Setup WNS             |        -6693                |
|     Setup TNS             |      -294560                |
|     Num of violated S-EP  |           80                |
|     FMAX                  |    68.060MHz                |
|     SWNS path clock period |       8000ps                |
|     Hold WNS              |          -11                |
|     Hold TNS              |          -11                |
|     Num of violated H-EP  |            1                |
-----------------------------------------------------------
| Routing Resource          |                             |
|     Wire length           |        99165                |
-----------------------------------------------------------
| Utilization               |                             |
|     #slices               |         1175                |
|     slices percentage     |       11.99%                |
|     #RAMs                 |            4                |
|     #DSPs                 |            0                |
|     #DRAMHARDCON          |            0                |
-----------------------------------------------------------
| Congestion                |                             |
|     Top 1% tile util      |           26                |
|     Top 1% tile avg util  |       27.76%                |
|     Over 100% util #tile  |            0                |
-----------------------------------------------------------
Report place stage QoR done.

PHY-1001 : End Stage 4 | Optimize Design; Time: 0.369506s wall, 0.359375s user + 0.000000s system = 0.359375s CPU (97.3%); Memory(MB): used = 172, reserved = 165, peak = 172;

PHY-1001 : Stage 5 | DRC Check
PHY-1001 : Stage 5.1 | Force Route Constraint Check
PHY-1001 : Check Pass.
PHY-1001 : End Stage 5.1 | Force Route Constraint Check; Time: 0.000273s wall, 0.000000s user + 0.000000s system = 0.000000s CPU (n/a%); Memory(MB): used = 172, reserved = 165, peak = 172;

PHY-1001 : Stage 5.2 | Duplicated SelfDriven Check
PHY-1001 : Check pass.
PHY-1001 : End Stage 5.2 | Duplicated SelfDriven Check; Time: 0.002318s wall, 0.000000s user + 0.000000s system = 0.000000s CPU (n/a%); Memory(MB): used = 172, reserved = 165, peak = 172;

PHY-1001 : Stage 5.3 | Clock Rule Check
PHY-1001 : End Stage 5.3 | Clock Rule Check; Time: 0.000077s wall, 0.000000s user + 0.000000s system = 0.000000s CPU (n/a%); Memory(MB): used = 172, reserved = 165, peak = 172;

PHY-1001 : End Stage 5 | DRC Check; Time: 0.011721s wall, 0.015625s user + 0.000000s system = 0.015625s CPU (133.3%); Memory(MB): used = 172, reserved = 165, peak = 172;

OPT-1001 : QoR tracer report on placement steps:
    SWNS [   incr ]     STNS [    incr ]    FEPS [   incr ]    CRIT [   incr ]      CELL [     incr ]        WL [     incr ]    CONG [   incr ]    PDES [   incr ]   RT(s) [   incr ]   MEM(mb) [     incr ]
       0 [      0 ]        0 [       0 ]       0 [      0 ]       0 [      0 ]      2847 [        0 ]         0 [        0 ]    0.00 [   0.00 ]       0 [      0 ]       0 [      0 ]       110 [        0 ] : preplace:simplify_lut
       0 [      0 ]        0 [       0 ]       0 [      0 ]       0 [      0 ]      2847 [        0 ]         0 [        0 ]    0.00 [   0.00 ]       0 [      0 ]       0 [      0 ]       110 [        0 ] : preplace:sweep
       0 [      0 ]        0 [       0 ]       0 [      0 ]       0 [      0 ]      2847 [        0 ]         0 [        0 ]    0.00 [   0.00 ]       0 [      0 ]       0 [      0 ]       110 [        0 ] : preplace:hfn_opt
   -7993 [  -7993 ]  -296700 [ -296700 ]      80 [     80 ]    4112 [   4112 ]      2847 [        0 ]    186906 [   186906 ]    0.00 [   0.00 ]       0 [      0 ]       0 [      0 ]       137 [       27 ] : step1_gp
   -7993 [      0 ]  -296700 [       0 ]      80 [      0 ]    4106 [     -6 ]      2847 [        0 ]    185801 [    -1105 ]    0.00 [   0.00 ]       0 [      0 ]       0 [      0 ]       137 [        0 ] : step1_legal
   -7593 [    400 ]  -295460 [    1240 ]      80 [      0 ]    4271 [    165 ]      2847 [        0 ]     97422 [   -88379 ]    0.00 [   0.00 ]       0 [      0 ]       1 [      1 ]       137 [        0 ] : step2_gp
   -7593 [      0 ]  -295460 [       0 ]      80 [      0 ]    4271 [      0 ]      2847 [        0 ]     97422 [        0 ]    0.00 [   0.00 ]       0 [      0 ]       1 [      0 ]       137 [        0 ] : prepack:hfn_opt
   -7593 [      0 ]  -295460 [       0 ]      80 [      0 ]    4271 [      0 ]      2847 [        0 ]     97559 [      137 ]   33.00 [  33.00 ]       0 [      0 ]       1 [      0 ]       161 [       24 ] : prepack:global_opt
   -7543 [     50 ]  -295160 [     300 ]      80 [      0 ]    4346 [     75 ]      1285 [    -1562 ]     97376 [     -183 ]   33.00 [   0.00 ]       0 [      0 ]       2 [      1 ]       166 [        5 ] : pack
   -7493 [     50 ]  -294860 [     300 ]      80 [      0 ]    4296 [    -50 ]      1285 [        0 ]     98027 [      651 ]   33.00 [   0.00 ]       0 [      0 ]       2 [      0 ]       167 [        1 ] : post_pack_place
   -7493 [      0 ]  -294860 [       0 ]      80 [      0 ]    4296 [      0 ]      1285 [        0 ]     98399 [      372 ]   33.00 [   0.00 ]       0 [      0 ]       2 [      0 ]       168 [        1 ] : post_pack_spreading
   -7493 [      0 ]  -294860 [       0 ]      80 [      0 ]    4296 [      0 ]      1286 [        1 ]     98399 [        0 ]   33.00 [   0.00 ]       0 [      0 ]       2 [      0 ]       168 [        0 ] : postpack:optimize_equivalent_quick
   -7493 [      0 ]  -294860 [       0 ]      80 [      0 ]    4296 [      0 ]      1286 [        0 ]     98399 [        0 ]   33.00 [   0.00 ]       0 [      0 ]       3 [      1 ]       168 [        0 ] : postpack:hfn_opt
   -6693 [    800 ]  -294560 [     300 ]      80 [      0 ]    4296 [      0 ]      1286 [        0 ]     99165 [      766 ]   27.79 [  -5.21 ]       0 [      0 ]       3 [      0 ]       171 [        3 ] : postpack:path_opt
   -6693 [      0 ]  -294560 [       0 ]      80 [      0 ]    4296 [      0 ]      1286 [        0 ]     99165 [        0 ]   27.79 [   0.00 ]       0 [      0 ]       3 [      0 ]       171 [        0 ] : postpack:optimize_equivalent
   -6693 [      0 ]  -294560 [       0 ]      80 [      0 ]    4296 [      0 ]      1286 [        0 ]     99165 [        0 ]   27.79 [   0.00 ]       0 [      0 ]       3 [      0 ]       171 [        0 ] : postpack:pin_opt

RUN-1003 : finish command "place" in  4.213182s wall, 6.140625s user + 0.125000s system = 6.265625s CPU (148.7%)

RUN-1004 : used memory is 172 MB, reserved memory is 165 MB, peak memory is 172 MB
RUN-1002 : start command "update_timing -mode manhattan"
RUN-1002 : start command "start_timer"
RUN-1002 : start command "report_timing_summary -file pic_sdram_place.timing"
RUN-1002 : start command "report_area -io_info -file pic_sdram_phy.area"
RUN-1001 : standard
***Report Model: top Device: EG4S20BG256***

IO Statistics
#IO                        39   out of    188   20.74%
  #input                    4
  #output                  35
  #inout                    0

Utilization Statistics
#lut                     1632   out of  19600    8.33%
#reg                     1463   out of  19600    7.46%
#le                      2192
  #lut only               729   out of   2192   33.26%
  #reg only               560   out of   2192   25.55%
  #lut&reg                903   out of   2192   41.20%
#bram                       4   out of     64    6.25%
  #bram9k                   4
  #fifo9k                   0
#bram32k                    0   out of     16    0.00%
#dsp                        0   out of     29    0.00%
#pad                       43   out of    188   22.87%
  #ireg                     1
  #oreg                    34
  #treg                     0
#pll                        2   out of      4   50.00%
#gclk                       2   out of     16   12.50%

RUN-1002 : start command "flow_status -file place_flow.status"
Location         : C:\Users\Administrator\Desktop\lab_ex_6_tf_sdram_hdmi\pic_sdram_Runs\phy_1
Running with     : Tang Dynasty v6.2.168116
                   Copyright (c) 2012-2025 Anlogic Inc.
Top Model        : top
Device           : EG4S20BG256
Speed            : NA

Timing Mode      : manhattan
Setup            : WNS -6693ps  TNS  -294560ps  NUM_FEPS    80
Hold             : WNS   -11ps  TNS      -11ps  NUM_FEPS     1

Flow Statistics  :
RUN-1001 : Flow Statistics:
RUN-1001 : --------------------------------------------------------------------------------------------------
RUN-1001 :      command     |  #calls  |  wall time  |  cpu time(s)  |  used memory(mb)  |  peak memory(mb)  
RUN-1001 : --------------------------------------------------------------------------------------------------
RUN-1001 :       place      |    1     |  4s(100%)   |    6(100%)    |        172        |        172        
RUN-1001 :     import_db    |    1     |   0s(0%)    |     0(0%)     |        109        |        109        
RUN-1001 :   import_device  |    1     |   0s(0%)    |     0(0%)     |        81         |        81         
RUN-1001 : --------------------------------------------------------------------------------------------------
RUN-1001 :       total      |    3     |     4s      |       6       |        172        |        172        
RUN-1001 : --------------------------------------------------------------------------------------------------
RUN-1002 : start command "report_clock_utilization -file place_clock_utilization.txt"
RUN-1001 : Device not support command report_clock_utilization.
RUN-1002 : start command "export_db pic_sdram_place.db"
RUN-1001 : Exported flow parameters
RUN-1001 : Exported /
RUN-1001 : Exported libs
RUN-1001 : Exported entities
RUN-1001 : Exported ports
RUN-1001 : Exported pins
RUN-1001 : Exported instances
RUN-1001 : Exported nets
RUN-1001 : Exported buses
RUN-1001 : Exported models
RUN-1001 : Exported phy database
RUN-1001 : Exported packer
RUN-1001 : Exported congestions
RUN-1001 : Exported violations
RUN-1001 : Exported ATMR Setting
RUN-1001 : Exported timing constraints
RUN-1001 : Exported IO constraints
RUN-1001 : Exported Inst constraints
RUN-1001 : Exported ChipWatcher
RUN-1002 : start command "commit_param -step route"
RUN-1001 : Print Global Property
RUN-1001 : --------------------------------------------------------
RUN-1001 :   Parameters   |  Settings  |  Default Values  |  Note  
RUN-1001 : --------------------------------------------------------
RUN-1001 :   enable_seed  |    off     |       off        |        
RUN-1001 :     message    |  standard  |     standard     |        
RUN-1001 :   qor_monitor  |     on     |        on        |        
RUN-1001 :   syn_ip_flow  |    off     |       off        |        
RUN-1001 :     thread     |    auto    |       auto       |        
RUN-1001 : --------------------------------------------------------
RUN-1001 : Print Route Property
RUN-1001 : -------------------------------------------------------
RUN-1001 :   Parameters  |  Settings  |  Default Values  |  Note  
RUN-1001 : -------------------------------------------------------
RUN-1001 :     effort    |   normal   |      normal      |        
RUN-1001 :    fix_hold   |     on     |        on        |        
RUN-1001 :     timing    |     on     |        on        |        
RUN-1001 : -------------------------------------------------------
RUN-1002 : start command "route"
RUN-1001 : Open license file D:/Anlogic/TD_6.2.1_Engineer_6.2.168.116/license/Anlogic.lic
PHY-1001 : Route runs in 8 thread(s)
RUN-1001 : There are total 1286 instances
RUN-1001 : 587 mslices, 588 lslices, 98 pads, 4 brams, 0 dsps
RUN-1001 : There are total 2740 nets
RUN-1001 : 1947 nets have 2 pins
RUN-1001 : 560 nets have [3 - 5] pins
RUN-1001 : 164 nets have [6 - 10] pins
RUN-1001 : 40 nets have [11 - 20] pins
RUN-1001 : 23 nets have [21 - 99] pins
RUN-1001 : 6 nets have 100+ pins
RUN-1002 : start command "start_timer"
PHY-1001 : 587 mslices, 588 lslices, 98 pads, 4 brams, 0 dsps

PHY-1001 : Stage 1 | Global Routing
PHY-1001 : Start global routing, caller is route ...
RUN-1001 : Generating global routing grids ...
PHY-1001 : Generate routing nets ...
RUN-1001 : Generate nets statistics:
RUN-1001 : ---------------------------
RUN-1001 :        Type       |  Nets  
RUN-1001 : ---------------------------
RUN-1001 :   TotalRouteNets  |  2384  
RUN-1001 :   DontRouteNets   |  215   
RUN-1001 :     RouteNets     |  2169  
RUN-1001 :     RouteSinks    |  4017  
RUN-1001 : ---------------------------
PHY-1001 : Global iterations in 8 thread ...
PHY-1002 : len = 110960, over cnt = 196(0%), over = 325, worst = 6
PHY-1002 : len = 112760, over cnt = 128(0%), over = 183, worst = 4
PHY-1002 : len = 113720, over cnt = 56(0%), over = 86, worst = 4
PHY-1002 : len = 114728, over cnt = 0(0%), over = 0, worst = 0
PHY-1001 : End global iterations;  0.213013s wall, 0.218750s user + 0.000000s system = 0.218750s CPU (102.7%)

PHY-1001 : Congestion index:
PHY-1001 : top1  = 28.41(S 40.52, N 40.34, E 31.55, W 33.19, I 0.00, O 0.00)
PHY-1001 : top5  = 23.02(S 28.93, N 29.15, E 23.11, W 25.10, I 0.00, O 0.00)
PHY-1001 : top10 = 19.13(S 22.58, N 23.24, E 18.64, W 20.20, I 0.00, O 0.00)
PHY-1001 : top15 = 16.19(S 18.46, N 19.28, E 15.52, W 16.75, I 0.00, O 0.00)
PHY-1001 : End global routing;  0.251732s wall, 0.265625s user + 0.000000s system = 0.265625s CPU (105.5%)

PHY-1001 : End Stage 1 | Global Routing; Time: 0.251772s wall, 0.265625s user + 0.000000s system = 0.265625s CPU (105.5%); Memory(MB): used = 182, reserved = 302, peak = 182;

PHY-1001 : Stage 2 | Detail Routing
PHY-1001 : Stage 2.1 | Build Routing Design
PHY-1001 : Routing in high effort: false
PHY-1001 : Routing Mode: normal
PHY-1001 : Generate detailed routing grids ...
PHY-1001 : End build routing graph; 2.589045s wall, 2.562500s user + 0.031250s system = 2.593750s CPU (100.2%)

PHY-1001 : Generate nets ...
PHY-1001 : net clk_dup_1 will be routed on clock mesh
PHY-1001 : net U3/u2_ram/SDRAM_CLK will be routed on clock mesh
PHY-1001 : net U3/u2_ram/u1_init_ref/Sdr_clk will be routed on clock mesh
PHY-1001 : clock net sd_card_bmp_m0/bmp_read_m0/clk will be merged with clock sys_pll_m0/clk0_buf
PHY-1001 : clock net u3_hdmi_tx/Inst_DVITransmitter/PCLK_I will be merged with clock video_pll_m0/clk0_buf
PHY-1001 : net u3_hdmi_tx/Inst_DVITransmitter/PCLK_X5_I will be routed on clock mesh
RUN-1001 : Generate nets statistics:
RUN-1001 : -----------------------------
RUN-1001 :         Type        |  Nets  
RUN-1001 : -----------------------------
RUN-1001 :        Route        |  2384  
RUN-1001 :      DontRoute      |  356   
RUN-1001 :      RouteSinks     |  6676  
RUN-1001 :   RouteEntitySinks  |   0    
RUN-1001 :       Lut2Dff       |   0    
RUN-1001 :       Ram2Dff       |   0    
RUN-1001 :      Carry2Dff      |   0    
RUN-1001 : -----------------------------
RUN-1001 : DR clock net summary:
RUN-1001 : -----------------------------------------------------------------------
RUN-1001 :   Net Idx  |                  Net Name                  |  Clock Type  
RUN-1001 : -----------------------------------------------------------------------
RUN-1001 :      1     |            U3/u2_ram/SDRAM_CLK             |    Normal    
RUN-1001 :      2     |       U3/u2_ram/u1_init_ref/Sdr_clk        |    Normal    
RUN-1001 :      3     |                 clk_dup_1                  |    Normal    
RUN-1001 :      4     |       sd_card_bmp_m0/bmp_read_m0/clk       |    Normal    
RUN-1001 :      5     |   u3_hdmi_tx/Inst_DVITransmitter/PCLK_I    |    Normal    
RUN-1001 :      6     |  u3_hdmi_tx/Inst_DVITransmitter/PCLK_X5_I  |    Normal    
RUN-1001 : -----------------------------------------------------------------------
RUN-1001 : DR clock buffer summary:
RUN-1001 : ----------------
RUN-1001 :   Idx  |  Name  
RUN-1001 : ----------------
RUN-1001 : ----------------
PHY-1001 : End Stage 2.1 | Build Routing Design; Time: 2.638599s wall, 2.609375s user + 0.031250s system = 2.640625s CPU (100.1%); Memory(MB): used = 450, reserved = 442, peak = 450;

RUN-1001 : Top Percentage Crit. Net Stat.
RUN-1001 : -------------------------------------------------------
RUN-1001 :   Top %  |  Net Count  |  Avg. Fanout  |  Avg. Slack   
RUN-1001 : -------------------------------------------------------
RUN-1001 :     1    |     27      |   3.444444    |  1344.333333  
RUN-1001 :     2    |     54      |   2.833333    |  1642.370370  
RUN-1001 :     3    |     82      |   2.963415    |  2357.902439  
RUN-1001 :     4    |     109     |   2.853211    |  2790.321101  
RUN-1001 :     5    |     137     |   2.642336    |  3081.372263  
RUN-1001 :     6    |     164     |   2.512195    |  3288.012195  
RUN-1001 :     7    |     191     |   2.450262    |  3482.785340  
RUN-1001 :     8    |     219     |   2.401826    |  3687.242009  
RUN-1001 :     9    |     246     |   2.500000    |  3858.243902  
RUN-1001 :    10    |     274     |   2.456204    |  4011.795620  
RUN-1001 : -------------------------------------------------------
PHY-1001 : Stage 2.2 | Clock Nets Routing
PHY-1001 : Routed 0% nets.
PHY-1001 : len = 55712, over cnt = 0(0%), over = 0, worst = 0, crit = 0
PHY-1001 : End Stage 2.2 | Clock Nets Routing; Time: 2.395100s wall, 2.359375s user + 0.031250s system = 2.390625s CPU (99.8%); Memory(MB): used = 482, reserved = 474, peak = 482;

PHY-1001 : Stage 2.3 | Routing Initialization
PHY-1001 : Mark 1% net(place mode slack < 1824ps) as critical nets.
PHY-1001 : Stage 2.3.1 | Normal Nets Routing
PHY-1001 : Routed 86% nets.
PHY-1001 : len = 202424, over cnt = 100(0%), over = 101, worst = 2, crit = 0
PHY-1001 : End Stage 2.3.1 | Normal Nets Routing; Time: 3.329530s wall, 4.796875s user + 0.046875s system = 4.843750s CPU (145.5%); Memory(MB): used = 483, reserved = 475, peak = 483;

PHY-1001 : Stage 2.3.2 | Update Timing
RUN-1002 : start command "start_timer"
USR-6136 CRITICAL-WARNING: 'derive_pll_clocks' is obsolete. Please use 'derive_clocks' instead, which handles more types of clock deriving resources. 
Launching timing wizard will update this command automatically.
USR-1002 : Derived clock:  create_generated_clock -name {sys_pll_m0/pll_inst.clkc[0]} -source [get_ports {clk}] -master_clock {clk} -multiply_by 2.0000 -duty_cycle 50.0000 [get_pins {sys_pll_m0/pll_inst.clkc[0]}]
USR-1002 : Derived clock:  create_generated_clock -name {sys_pll_m0/pll_inst.clkc[1]} -source [get_ports {clk}] -master_clock {clk} -multiply_by 2.5000 -duty_cycle 50.0000 [get_pins {sys_pll_m0/pll_inst.clkc[1]}]
USR-1002 : Derived clock:  create_generated_clock -name {sys_pll_m0/pll_inst.clkc[2]} -source [get_ports {clk}] -master_clock {clk} -multiply_by 2.5000 -phase 180 -duty_cycle 50.0000 [get_pins {sys_pll_m0/pll_inst.clkc[2]}]
USR-1002 : Derived clock:  create_generated_clock -name {video_pll_m0/pll_inst.clkc[0]} -source [get_ports {clk}] -master_clock {clk} -divide_by 2.0000 -duty_cycle 50.0000 [get_pins {video_pll_m0/pll_inst.clkc[0]}]
USR-1002 : Derived clock:  create_generated_clock -name {video_pll_m0/pll_inst.clkc[1]} -source [get_ports {clk}] -master_clock {clk} -multiply_by 2.5000 -duty_cycle 50.0000 [get_pins {video_pll_m0/pll_inst.clkc[1]}]
8.000000
40.000000
10.000000
8.000000
TMR-2502 : Net delay update with mode: Routed
PHY-1001 : 40/2384(1%) critical/total net(s).
PHY-1001 : Setup: WNS(ns) = -6.565, TNS(ns) = -297.463, FEP = 70 | Hold: WNS(ns) = -0.244, TNS(ns) = -0.244, FEP = 1.
PHY-1001 : End Stage 2.3.2 | Update Timing; Time: 0.410452s wall, 0.406250s user + 0.015625s system = 0.421875s CPU (102.8%); Memory(MB): used = 483, reserved = 475, peak = 483;

PHY-1001 : End Stage 2.3 | Routing Initialization; Time: 3.747085s wall, 5.203125s user + 0.062500s system = 5.265625s CPU (140.5%); Memory(MB): used = 483, reserved = 475, peak = 483;

PHY-1001 : Stage 2.4 | Routing Optimization
PHY-1001 : Build lut bridge;  0.068735s wall, 0.078125s user + 0.000000s system = 0.078125s CPU (113.7%)

PHY-1001 : Stage 2.4.1 | Phase 1
PHY-1001 : Stage 2.4.1.1 | Setup TimeOptimization
PHY-1001 : Start to optimize setup violation with net base ...
PHY-1001 : Iter 1; Processed 14 pins with SWNS -6.565ns STNS -295.981ns FEP 66 took 0.13522 seconds.
PHY-1001 : len = 202552, over cnt = 103(0%), over = 104, worst = 2, crit = 0
PHY-1001 : End Stage 2.4.1.1 | Setup TimeOptimization; Time: 0.147997s wall, 0.125000s user + 0.015625s system = 0.140625s CPU (95.0%); Memory(MB): used = 488, reserved = 479, peak = 488;

PHY-1001 : Stage 2.4.1.2 | Rip-up And ReRoute
PHY-1001 : Iter 1: len = 202856, over cnt = 27(0%), over = 27, worst = 1, crit = 0, time(s) = 0.10
PHY-1001 : Iter 2: len = 202904, over cnt = 10(0%), over = 10, worst = 1, crit = 0, time(s) = 0.04
PHY-1001 : Iter 3: len = 202904, over cnt = 10(0%), over = 10, worst = 1, crit = 0, time(s) = 0.02
PHY-1001 : Iter 4: len = 203088, over cnt = 0(0%), over = 0, worst = 0, crit = 0, time(s) = 0.02
PHY-1001 : End Stage 2.4.1.2 | Rip-up And ReRoute; Time: 0.197658s wall, 0.421875s user + 0.000000s system = 0.421875s CPU (213.4%); Memory(MB): used = 488, reserved = 480, peak = 488;

PHY-1001 : Stage 2.4.1.3 | Update Timing
RUN-1002 : start command "start_timer"
PHY-1001 : 3/2384(0%) critical/total net(s).
PHY-1001 : Setup: WNS(ns) = -6.565, TNS(ns) = -295.981, FEP = 66 | Hold: WNS(ns) = -0.244, TNS(ns) = -0.244, FEP = 1.
PHY-1001 : End Stage 2.4.1.3 | Update Timing; Time: 0.359621s wall, 0.359375s user + 0.000000s system = 0.359375s CPU (99.9%); Memory(MB): used = 488, reserved = 480, peak = 488;

PHY-1001 : Stage 2.4.1.4 | Commit Data
PHY-1001 : Commit better result to database ...
PHY-1001 : 33 feed throughs used by 18 nets
PHY-1001 : End Stage 2.4.1.4 | Commit Data; Time: 0.177111s wall, 0.156250s user + 0.015625s system = 0.171875s CPU (97.0%); Memory(MB): used = 498, reserved = 490, peak = 498;

PHY-1001 : End Stage 2.4.1 | Phase 1; Time: 0.897260s wall, 1.078125s user + 0.031250s system = 1.109375s CPU (123.6%); Memory(MB): used = 498, reserved = 490, peak = 498;

PHY-1001 : Stage 2.4.2 | Phase 2
PHY-1001 : Stage 2.4.2.1 | Setup TimeOptimization
PHY-1001 : Start to optimize setup violation with net base ...
PHY-1001 : Iter 1; Processed 3 pins with SWNS -6.565ns STNS -295.981ns FEP 66 took 0.0388381 seconds.
PHY-1001 : len = 203088, over cnt = 0(0%), over = 0, worst = 0, crit = 0
PHY-1001 : End Stage 2.4.2.1 | Setup TimeOptimization; Time: 0.052233s wall, 0.140625s user + 0.000000s system = 0.140625s CPU (269.2%); Memory(MB): used = 498, reserved = 490, peak = 498;

PHY-1001 : Stage 2.4.2.2 | Rip-up And ReRoute
PHY-0007 : Congestion: {29.63, 25.66, 23.01, 20.93}; Timing: {-6.565ns, -295.981ns, 66}
PHY-1001 : End Stage 2.4.2.2 | Rip-up And ReRoute; Time: 0.007272s wall, 0.000000s user + 0.000000s system = 0.000000s CPU (n/a%); Memory(MB): used = 498, reserved = 490, peak = 498;

PHY-1001 : Stage 2.4.2.3 | Update Timing
RUN-1002 : start command "start_timer"
PHY-1001 : 3/2384(0%) critical/total net(s).
PHY-1001 : Setup: WNS(ns) = -6.565, TNS(ns) = -295.981, FEP = 66 | Hold: WNS(ns) = -0.244, TNS(ns) = -0.244, FEP = 1.
PHY-1001 : End Stage 2.4.2.3 | Update Timing; Time: 0.358094s wall, 0.359375s user + 0.000000s system = 0.359375s CPU (100.4%); Memory(MB): used = 498, reserved = 490, peak = 498;

PHY-1001 : Stage 2.4.2.4 | Commit Data
PHY-1001 : Commit better result to database ...
PHY-1001 : 33 feed throughs used by 18 nets
PHY-1001 : End Stage 2.4.2.4 | Commit Data; Time: 0.159015s wall, 0.156250s user + 0.000000s system = 0.156250s CPU (98.3%); Memory(MB): used = 498, reserved = 490, peak = 498;

PHY-1001 : End Stage 2.4.2 | Phase 2; Time: 0.587278s wall, 0.687500s user + 0.000000s system = 0.687500s CPU (117.1%); Memory(MB): used = 498, reserved = 490, peak = 498;

PHY-1001 : End Stage 2.4 | Routing Optimization; Time: 1.708946s wall, 2.000000s user + 0.031250s system = 2.031250s CPU (118.9%); Memory(MB): used = 498, reserved = 490, peak = 498;

PHY-1003 : Routed, final wirelength = 203088
RUN-1002 : start command "export_db pic_sdram_pr.db"
RUN-1001 : Exported flow parameters
RUN-1001 : Exported /
RUN-1001 : Exported libs
RUN-1001 : Exported entities
RUN-1001 : Exported ports
RUN-1001 : Exported pins
RUN-1001 : Exported instances
RUN-1001 : Exported nets
RUN-1001 : Exported buses
RUN-1001 : Exported models
RUN-1001 : Exported phy database
RUN-1001 : Exported packer
RUN-1001 : Exported congestions
RUN-1001 : Exported violations
RUN-1001 : Exported ATMR Setting
RUN-1001 : Exported timing constraints
RUN-1001 : Exported IO constraints
RUN-1001 : Exported Inst constraints
RUN-1001 : Exported ChipWatcher
PHY-1001 : Current memory(MB): used = 510, reserved = 631, peak = 510.
PHY-1001 : End export database. 0.131336s wall, 0.109375s user + 0.000000s system = 0.109375s CPU (83.3%)

PHY-1001 : End detail routing;  10.818563s wall, 12.484375s user + 0.156250s system = 12.640625s CPU (116.8%)

PHY-1001 : End Stage 2 | Detail Routing; Time: 10.818675s wall, 12.484375s user + 0.156250s system = 12.640625s CPU (116.8%); Memory(MB): used = 510, reserved = 631, peak = 510;

PHY-1001 : Stage 3 | Hold Fix
RUN-1002 : start command "start_timer"
RUN-1001 : fix hold violation on net seg_scan_m0/sel1_syn_2[5] endpin seg_data[5]_syn_4.do[0] slack -244ps
RUN-1001 : 1 hold-buffer to be created.
PHY-1001 : Populate physical database on model top.
8.000000
40.000000
10.000000
8.000000
-----------------------------------------------------------
| QoR metrics               |         value               |
-----------------------------------------------------------
| Timing                    |                             |
|     Setup WNS             |        -6693                |
|     Setup TNS             |      -294560                |
|     Num of violated S-EP  |           80                |
|     FMAX                  |    68.060MHz                |
|     SWNS path clock period |       8000ps                |
|     Hold WNS              |          -11                |
|     Hold TNS              |          -11                |
|     Num of violated H-EP  |            1                |
-----------------------------------------------------------
| Routing Resource          |                             |
|     Wire length           |        98537                |
-----------------------------------------------------------
| Utilization               |                             |
|     #slices               |         1176                |
|     slices percentage     |       12.00%                |
|     #RAMs                 |            4                |
|     #DSPs                 |            0                |
|     #DRAMHARDCON          |            0                |
-----------------------------------------------------------
| Congestion                |                             |
|     Top 1% tile util      |           26                |
|     Top 1% tile avg util  |       27.86%                |
|     Over 100% util #tile  |            0                |
-----------------------------------------------------------
Report place stage QoR done.


8.000000
40.000000
10.000000
8.000000
    SWNS [   incr ]     STNS [    incr ]  S-FEPS [   incr ]    HWNS [   incr ]      HTNS [     incr ]    H-FEPS [     incr ]    CELL [   incr ]      WL [   incr ]   RT(s) [   incr ]   MEM(mb) [     incr ]
   -6565 [      0 ]  -297463 [       0 ]      70 [      0 ]    -244 [      0 ]      -244 [        0 ]         1 [        0 ]    1286 [      0 ]  202424 [      0 ]       9 [      0 ]       483 [        0 ] : dr_initialization
   -6565 [      0 ]  -295981 [    1482 ]      66 [     -4 ]    -244 [      0 ]      -244 [        0 ]         1 [        0 ]    1286 [      0 ]  202552 [    128 ]       9 [      0 ]       488 [        5 ] : dr_timing_opt_phase1
   -6565 [      0 ]  -295981 [       0 ]      66 [      0 ]    -244 [      0 ]      -244 [        0 ]         1 [        0 ]    1286 [      0 ]  203088 [    536 ]      10 [      1 ]       498 [       10 ] : dr_opt_phase1
   -6565 [      0 ]  -295981 [       0 ]      66 [      0 ]    -244 [      0 ]      -244 [        0 ]         1 [        0 ]    1286 [      0 ]  203088 [      0 ]      10 [      0 ]       498 [        0 ] : dr_timing_opt_phase2
   -6565 [      0 ]  -295981 [       0 ]      66 [      0 ]    -244 [      0 ]      -244 [        0 ]         1 [        0 ]    1286 [      0 ]  203088 [      0 ]      11 [      1 ]       498 [        0 ] : dr_opt_phase2
   -6565 [      0 ]  -295981 [       0 ]      66 [      0 ]    -244 [      0 ]      -244 [        0 ]         1 [        0 ]    1286 [      0 ]  203088 [      0 ]      11 [      0 ]       498 [        0 ] : multi_try_opt
   -6565 [      0 ]  -295981 [       0 ]      66 [      0 ]       5 [    249 ]         0 [      244 ]         0 [       -1 ]    1287 [      1 ]  203104 [     16 ]       0 [    -11 ]       511 [       13 ] : ECO: dr_initialization
   -6565 [      0 ]  -295981 [       0 ]      66 [      0 ]       5 [      0 ]         0 [        0 ]         0 [        0 ]    1287 [      0 ]  203104 [      0 ]       1 [      1 ]       511 [        0 ] : ECO: dr_timing_opt_phase1
   -6565 [      0 ]  -295981 [       0 ]      66 [      0 ]       5 [      0 ]         0 [        0 ]         0 [        0 ]    1287 [      0 ]  203104 [      0 ]       1 [      0 ]       511 [        0 ] : ECO: dr_opt_phase1
   -6565 [      0 ]  -295981 [       0 ]      66 [      0 ]       5 [      0 ]         0 [        0 ]         0 [        0 ]    1287 [      0 ]  203104 [      0 ]       1 [      0 ]       511 [        0 ] : ECO: dr_timing_opt_phase2
   -6565 [      0 ]  -295981 [       0 ]      66 [      0 ]       5 [      0 ]         0 [        0 ]         0 [        0 ]    1287 [      0 ]  203104 [      0 ]       2 [      1 ]       511 [        0 ] : ECO: dr_opt_phase2
   -6565 [      0 ]  -295981 [       0 ]      66 [      0 ]       5 [      0 ]         0 [        0 ]         0 [        0 ]    1287 [      0 ]  203104 [      0 ]       2 [      0 ]       511 [        0 ] : ECO: multi_try_opt
   -6565 [      0 ]  -295981 [       0 ]      66 [      0 ]       5 [      0 ]         0 [        0 ]         0 [        0 ]    1287 [      0 ]  203104 [      0 ]       2 [      0 ]       512 [        1 ] : ECO: fix_hold_opt

RUN-1002 : start command "start_timer"
RUN-1001 : All hold violations are fixed.
PHY-1001 : Stage 6 | Report Route Qor
RUN-1002 : start command "report_qor -step route -file route.qor"
RUN-1002 : start command "start_timer"
-----------------------------------------------------------
| QoR metrics               |         value               |
-----------------------------------------------------------
| Timing                    |                             |
|     Setup WNS             |        -6565                |
|     Setup TNS             |      -295981                |
|     Num of violated S-EP  |           66                |
|     Hold WNS              |            5                |
|     Hold TNS              |            0                |
|     Num of violated H-EP  |            0                |
-----------------------------------------------------------
| Routing Resource          |                             |
|     Wire length           |       203104                |
-----------------------------------------------------------
| Utilization               |                             |
|     #slices               |         1176                |
|     slices percentage     |       12.00%                |
|     #RAMs                 |            4                |
|     #DSPs                 |            0                |
|     #DRAMHARDCON          |            0                |
-----------------------------------------------------------
Report route stage QoR done.

RUN-1002 : start command "update_timing -mode final"
RUN-1002 : start command "start_timer"
RUN-1002 : start command "report_timing_summary -file final_timing.rpt"
OPT-1001 : QoR tracer report on route step:
    SWNS [   incr ]     STNS [    incr ]  S-FEPS [   incr ]    HWNS [   incr ]      HTNS [     incr ]    H-FEPS [     incr ]    CELL [   incr ]      WL [   incr ]   RT(s) [   incr ]   MEM(mb) [     incr ]
   -6565 [      0 ]  -297463 [       0 ]      70 [      0 ]    -244 [      0 ]      -244 [        0 ]         1 [        0 ]    1286 [      0 ]  202424 [      0 ]       9 [      0 ]       483 [        0 ] : dr_initialization
   -6565 [      0 ]  -295981 [    1482 ]      66 [     -4 ]    -244 [      0 ]      -244 [        0 ]         1 [        0 ]    1286 [      0 ]  202552 [    128 ]       9 [      0 ]       488 [        5 ] : dr_timing_opt_phase1
   -6565 [      0 ]  -295981 [       0 ]      66 [      0 ]    -244 [      0 ]      -244 [        0 ]         1 [        0 ]    1286 [      0 ]  203088 [    536 ]      10 [      1 ]       498 [       10 ] : dr_opt_phase1
   -6565 [      0 ]  -295981 [       0 ]      66 [      0 ]    -244 [      0 ]      -244 [        0 ]         1 [        0 ]    1286 [      0 ]  203088 [      0 ]      10 [      0 ]       498 [        0 ] : dr_timing_opt_phase2
   -6565 [      0 ]  -295981 [       0 ]      66 [      0 ]    -244 [      0 ]      -244 [        0 ]         1 [        0 ]    1286 [      0 ]  203088 [      0 ]      11 [      1 ]       498 [        0 ] : dr_opt_phase2
   -6565 [      0 ]  -295981 [       0 ]      66 [      0 ]    -244 [      0 ]      -244 [        0 ]         1 [        0 ]    1286 [      0 ]  203088 [      0 ]      11 [      0 ]       498 [        0 ] : multi_try_opt
   -6565 [      0 ]  -295981 [       0 ]      66 [      0 ]       5 [    249 ]         0 [      244 ]         0 [       -1 ]    1287 [      1 ]  203104 [     16 ]       0 [    -11 ]       511 [       13 ] : ECO: dr_initialization
   -6565 [      0 ]  -295981 [       0 ]      66 [      0 ]       5 [      0 ]         0 [        0 ]         0 [        0 ]    1287 [      0 ]  203104 [      0 ]       1 [      1 ]       511 [        0 ] : ECO: dr_timing_opt_phase1
   -6565 [      0 ]  -295981 [       0 ]      66 [      0 ]       5 [      0 ]         0 [        0 ]         0 [        0 ]    1287 [      0 ]  203104 [      0 ]       1 [      0 ]       511 [        0 ] : ECO: dr_opt_phase1
   -6565 [      0 ]  -295981 [       0 ]      66 [      0 ]       5 [      0 ]         0 [        0 ]         0 [        0 ]    1287 [      0 ]  203104 [      0 ]       1 [      0 ]       511 [        0 ] : ECO: dr_timing_opt_phase2
   -6565 [      0 ]  -295981 [       0 ]      66 [      0 ]       5 [      0 ]         0 [        0 ]         0 [        0 ]    1287 [      0 ]  203104 [      0 ]       2 [      1 ]       511 [        0 ] : ECO: dr_opt_phase2
   -6565 [      0 ]  -295981 [       0 ]      66 [      0 ]       5 [      0 ]         0 [        0 ]         0 [        0 ]    1287 [      0 ]  203104 [      0 ]       2 [      0 ]       511 [        0 ] : ECO: multi_try_opt
   -6565 [      0 ]  -295981 [       0 ]      66 [      0 ]       5 [      0 ]         0 [        0 ]         0 [        0 ]    1287 [      0 ]  203104 [      0 ]       2 [      0 ]       512 [        1 ] : ECO: fix_hold_opt
   -6565 [      0 ]  -295981 [       0 ]      66 [      0 ]       5 [      0 ]         0 [        0 ]         0 [        0 ]    1287 [      0 ]  203104 [      0 ]      15 [     13 ]       512 [        0 ] : ECO: fix_hold_opt

PHY-1001 : End Stage 6 | Report Route Qor; Time: 0.697591s wall, 0.703125s user + 0.000000s system = 0.703125s CPU (100.8%); Memory(MB): used = 512, reserved = 631, peak = 512;

PHY-1001 : Stage 7 | Routing DRC
PHY-1001 : Start multi-drive drc check......
PHY-1001 : No multi-drive.
PHY-1001 : Stage 7.1 | Clock Net Status Check
PHY-1001 : 1 clock net(s) utilize local routing resource.
PHY-5079 CRITICAL-WARNING: Marked 1 clock net(s) utilize the local routing resources. Please check log message and the sinks of clock nets.
RUN-1001 : CTS Local Wire Summary
RUN-1001 : --------------------------------------------------------------------------------------------------------------------
RUN-1001 :            ClockName            |  DriverType  |  Clock/Fanout  |  LocalWireNum  |        NetName        |  Marked  
RUN-1001 : --------------------------------------------------------------------------------------------------------------------
RUN-1001 :   sys_pll_m0/pll_inst.clkc[2]   |  AL_PHY_PLL  |      0/1       |       1        |  U3/u2_ram/SDRAM_CLK  |   true   
RUN-1001 : --------------------------------------------------------------------------------------------------------------------
PHY-1001 : End Stage 7.1 | Clock Net Status Check; Time: 0.000543s wall, 0.000000s user + 0.000000s system = 0.000000s CPU (n/a%); Memory(MB): used = 512, reserved = 631, peak = 512;

PHY-1001 : Stage 7.2 | Abnormal Timing Path check
PHY-1001 : No abnormal timing path.
PHY-1001 : End Stage 7.2 | Abnormal Timing Path check; Time: 0.009099s wall, 0.015625s user + 0.000000s system = 0.015625s CPU (171.7%); Memory(MB): used = 512, reserved = 631, peak = 512;

PHY-1001 : End Stage 7 | Routing DRC; Time: 0.021154s wall, 0.015625s user + 0.000000s system = 0.015625s CPU (73.9%); Memory(MB): used = 512, reserved = 631, peak = 512;

RUN-1003 : finish command "route" in  16.688932s wall, 18.359375s user + 0.156250s system = 18.515625s CPU (110.9%)

RUN-1004 : used memory is 512 MB, reserved memory is 631 MB, peak memory is 512 MB
RUN-1002 : start command "report_area -io_info -file pic_sdram_phy.area"
RUN-1001 : standard
***Report Model: top Device: EG4S20BG256***

IO Statistics
#IO                        39   out of    188   20.74%
  #input                    4
  #output                  35
  #inout                    0

Utilization Statistics
#lut                     1634   out of  19600    8.34%
#reg                     1463   out of  19600    7.46%
#le                      2194
  #lut only               731   out of   2194   33.32%
  #reg only               560   out of   2194   25.52%
  #lut&reg                903   out of   2194   41.16%
#bram                       4   out of     64    6.25%
  #bram9k                   4
  #fifo9k                   0
#bram32k                    0   out of     16    0.00%
#dsp                        0   out of     29    0.00%
#pad                       43   out of    188   22.87%
  #ireg                     1
  #oreg                    34
  #treg                     0
#pll                        2   out of      4   50.00%
#gclk                       2   out of     16   12.50%


DataNet Average Fanout:

   Index     Fanout     Nets  
    #1          1       1853  
    #2          2       289   
    #3          3       167   
    #4          4       104   
    #5        5-10      170   
    #6        11-50      54   
    #7       51-100      1    
    #8       101-500     1    
  Average     2.26            

RUN-1002 : start command "update_timing -mode final"
RUN-1002 : start command "start_timer"
RUN-1002 : start command "report_timing_status -file pic_sdram_phy.ts"
RUN-1002 : start command "report_timing_summary -file pic_sdram_pr.timing"
RUN-1002 : start command "report_timing_exception -file pic_sdram_exception.timing"
RUN-1002 : start command "flow_status -file route_flow.status"
Location         : C:\Users\Administrator\Desktop\lab_ex_6_tf_sdram_hdmi\pic_sdram_Runs\phy_1
Running with     : Tang Dynasty v6.2.168116
                   Copyright (c) 2012-2025 Anlogic Inc.
Top Model        : top
Device           : EG4S20BG256
Speed            : NA

Timing Mode      : final
Setup            : WNS -6565ps  TNS  -295981ps  NUM_FEPS    66
Hold             : WNS     5ps  TNS        0ps  NUM_FEPS     0

Flow Statistics  :
RUN-1001 : Flow Statistics:
RUN-1001 : --------------------------------------------------------------------------------------------------
RUN-1001 :      command     |  #calls  |  wall time  |  cpu time(s)  |  used memory(mb)  |  peak memory(mb)  
RUN-1001 : --------------------------------------------------------------------------------------------------
RUN-1001 :       route      |    2     |  18s(81%)   |    20(74%)    |        512        |        512        
RUN-1001 :       place      |    2     |   4s(18%)   |    7(25%)     |        511        |        511        
RUN-1001 :     import_db    |    1     |   0s(0%)    |     0(0%)     |        109        |        109        
RUN-1001 :   import_device  |    1     |   0s(0%)    |     0(0%)     |        81         |        81         
RUN-1001 : --------------------------------------------------------------------------------------------------
RUN-1001 :       total      |    6     |     22s     |      27       |        512        |        512        
RUN-1001 : --------------------------------------------------------------------------------------------------
RUN-1002 : start command "report_clock_utilization -file route_clock_utilization.txt"
RUN-1001 : Device not support command report_clock_utilization.
RUN-1002 : start command "export_db pic_sdram_pr.db"
RUN-1001 : Exported flow parameters
RUN-1001 : Exported /
RUN-1001 : Exported libs
RUN-1001 : Exported entities
RUN-1001 : Exported ports
RUN-1001 : Exported pins
RUN-1001 : Exported instances
RUN-1001 : Exported nets
RUN-1001 : Exported buses
RUN-1001 : Exported models
RUN-1001 : Exported phy database
RUN-1001 : Exported packer
RUN-1001 : Exported congestions
RUN-1001 : Exported violations
RUN-1001 : Exported ATMR Setting
RUN-1001 : Exported timing constraints
RUN-1001 : Exported IO constraints
RUN-1001 : Exported Inst constraints
RUN-1001 : Exported ChipWatcher
RUN-1002 : start command "commit_param -step bitgen"
RUN-1001 : Print Global Property
RUN-1001 : --------------------------------------------------------
RUN-1001 :   Parameters   |  Settings  |  Default Values  |  Note  
RUN-1001 : --------------------------------------------------------
RUN-1001 :   enable_seed  |    off     |       off        |        
RUN-1001 :     message    |  standard  |     standard     |        
RUN-1001 :   qor_monitor  |     on     |        on        |        
RUN-1001 :   syn_ip_flow  |    off     |       off        |        
RUN-1001 :     thread     |    auto    |       auto       |        
RUN-1001 : --------------------------------------------------------
RUN-1001 : Print Bitgen Property
RUN-1001 : -------------------------------------------------------------
RUN-1001 :      Parameters     |  Settings  |  Default Values  |  Note  
RUN-1001 : -------------------------------------------------------------
RUN-1001 :         bin         |    off     |       off        |        
RUN-1001 :       gen_mask      |    off     |       off        |        
RUN-1001 :      time_info      |     on     |        on        |        
RUN-1001 :   unused_io_status  |   pullup   |      pullup      |        
RUN-1001 :       version       |    0x00    |       0x00       |        
RUN-1001 : -------------------------------------------------------------
RUN-1002 : start command "bitgen -bit pic_sdram.bit"
RUN-1002 : start command "export_bid pic_sdram_inst.bid"
BIT-1003 : Start to generate bitstream. 
BIT-1002 : Init instances with 8 threads.
BIT-1002 : Init instances completely, inst num: 1285
BIT-1002 : Init pips with 8 threads.
BIT-1002 : Init pips completely, net num: 2384, pip num: 19545
BIT-1002 : Init feedthrough with 8 threads.
BIT-1002 : Init feedthrough completely, num: 33
BIT-1003 : Multithreading accelaration with 8 threads.
BIT-1003 : Generate bitstream completely, there are 60029 bits set as '1'.
BIT-1004 : PLL setting string = 0110
BIT-1004 : Generate bits file pic_sdram.bit.
RUN-1003 : finish command "bitgen -bit pic_sdram.bit" in  1.670408s wall, 8.859375s user + 0.000000s system = 8.859375s CPU (530.4%)

RUN-1004 : used memory is 513 MB, reserved memory is 631 MB, peak memory is 513 MB
RUN-1002 : start command "setup_debugger"
RUN-1002 : start command "export_bitgen_param -file .bitgen_param.f"
RUN-1002 : start command "export_flow_status -s opt_place -e bitgen"
RUN-1002 : start command "flow_status"

Location         : C:\Users\Administrator\Desktop\lab_ex_6_tf_sdram_hdmi\pic_sdram_Runs\phy_1
Running with     : Tang Dynasty v6.2.168116
                   Copyright (c) 2012-2025 Anlogic Inc.
Top Model        : top
Device           : EG4S20BG256
Speed            : NA

Timing Mode      : final
Setup            : WNS -6565ps  TNS  -295981ps  NUM_FEPS    66
Hold             : WNS     5ps  TNS        0ps  NUM_FEPS     0

RUN-1001 : Flow Statistics:
RUN-1001 : --------------------------------------------------------------------------------------------------
RUN-1001 :      command     |  #calls  |  wall time  |  cpu time(s)  |  used memory(mb)  |  peak memory(mb)  
RUN-1001 : --------------------------------------------------------------------------------------------------
RUN-1001 :       route      |    2     |  18s(78%)   |    20(57%)    |        512        |        512        
RUN-1001 :       place      |    2     |   4s(17%)   |    7(20%)     |        511        |        511        
RUN-1001 :      bitgen      |    1     |   1s(4%)    |    8(22%)     |        513        |        513        
RUN-1001 :     import_db    |    1     |   0s(0%)    |     0(0%)     |        109        |        109        
RUN-1001 :   import_device  |    1     |   0s(0%)    |     0(0%)     |        81         |        81         
RUN-1001 : --------------------------------------------------------------------------------------------------
RUN-1001 :       total      |    7     |     23s     |      35       |        513        |        513        
RUN-1001 : --------------------------------------------------------------------------------------------------
